#! /usr/local/iverilog/bin/vvp
:ivl_version "11.0 (devel)" "(s20150603-642-g3bdb50da)";
:ivl_delay_selection "TYPICAL";
:vpi_time_precision + 0;
:vpi_module "system";
:vpi_module "vhdl_sys";
:vpi_module "vhdl_textio";
:vpi_module "v2005_math";
:vpi_module "va_math";
S_0000000000ff9340 .scope module, "ROM" "ROM" 2 16;
 .timescale 0 0;
    .port_info 0 /INPUT 12 "address";
    .port_info 1 /OUTPUT 8 "palabra";
L_0000000000fa6c00 .functor BUFZ 8, L_0000000000ff2140, C4<00000000>, C4<00000000>, C4<00000000>;
v0000000000ff9660_0 .net *"_s0", 7 0, L_0000000000ff2140;  1 drivers
v0000000000fabe10_0 .net *"_s2", 13 0, L_0000000000ff1380;  1 drivers
L_0000000001052038 .functor BUFT 1, C4<00>, C4<0>, C4<0>, C4<0>;
v0000000000fabeb0_0 .net *"_s5", 1 0, L_0000000001052038;  1 drivers
o0000000001001038 .functor BUFZ 12, C4<zzzzzzzzzzzz>; HiZ drive
v0000000000fabf50_0 .net "address", 11 0, o0000000001001038;  0 drivers
v0000000000fabff0 .array "array", 4095 0, 7 0;
v0000000000fa6930_0 .net "palabra", 7 0, L_0000000000fa6c00;  1 drivers
L_0000000000ff2140 .array/port v0000000000fabff0, L_0000000000ff1380;
L_0000000000ff1380 .concat [ 12 2 0 0], o0000000001001038, L_0000000001052038;
S_0000000000ff94d0 .scope module, "contador" "contador" 2 2;
 .timescale 0 0;
    .port_info 0 /INPUT 1 "clock";
    .port_info 1 /INPUT 1 "reset";
    .port_info 2 /INPUT 1 "load";
    .port_info 3 /INPUT 1 "en";
    .port_info 4 /INPUT 12 "load_1";
    .port_info 5 /OUTPUT 12 "count";
o00000000010010f8 .functor BUFZ 1, C4<z>; HiZ drive
v0000000000fa69d0_0 .net "clock", 0 0, o00000000010010f8;  0 drivers
v0000000000ff20a0_0 .var "count", 11 0;
o0000000001001158 .functor BUFZ 1, C4<z>; HiZ drive
v0000000000ff1e20_0 .net "en", 0 0, o0000000001001158;  0 drivers
o0000000001001188 .functor BUFZ 1, C4<z>; HiZ drive
v0000000000ff1d80_0 .net "load", 0 0, o0000000001001188;  0 drivers
o00000000010011b8 .functor BUFZ 12, C4<zzzzzzzzzzzz>; HiZ drive
v0000000000ff1c40_0 .net "load_1", 11 0, o00000000010011b8;  0 drivers
o00000000010011e8 .functor BUFZ 1, C4<z>; HiZ drive
v0000000000ff1ec0_0 .net "reset", 0 0, o00000000010011e8;  0 drivers
E_0000000000fea3e0/0 .event edge, v0000000000ff1c40_0, v0000000000ff1d80_0;
E_0000000000fea3e0/1 .event posedge, v0000000000ff1ec0_0, v0000000000fa69d0_0;
E_0000000000fea3e0 .event/or E_0000000000fea3e0/0, E_0000000000fea3e0/1;
S_0000000000fabc80 .scope module, "testbench" "testbench" 3 2;
 .timescale 0 0;
v0000000000ff2000_0 .var "A", 3 0;
v0000000000ff21e0_0 .var "B", 3 0;
v0000000000ff1880_0 .var "S", 2 0;
v0000000000ff17e0_0 .net "resultado", 3 0, v0000000000ff1740_0;  1 drivers
S_0000000000fa6a70 .scope module, "E1" "ALU" 3 7, 2 24 0, S_0000000000fabc80;
 .timescale 0 0;
    .port_info 0 /INPUT 4 "A";
    .port_info 1 /INPUT 4 "B";
    .port_info 2 /INPUT 3 "S";
    .port_info 3 /OUTPUT 4 "resultado";
v0000000000ff12e0_0 .net "A", 3 0, v0000000000ff2000_0;  1 drivers
v0000000000ff1f60_0 .net "B", 3 0, v0000000000ff21e0_0;  1 drivers
v0000000000ff1ce0_0 .net "S", 2 0, v0000000000ff1880_0;  1 drivers
v0000000000ff1740_0 .var "resultado", 3 0;
E_0000000000fe9e20 .event edge, v0000000000ff1ce0_0, v0000000000ff12e0_0, v0000000000ff1f60_0;
    .scope S_0000000000ff9340;
T_0 ;
    %vpi_call 2 19 "$readmemh", "ROM.list", v0000000000fabff0 {0 0 0};
    %end;
    .thread T_0;
    .scope S_0000000000ff94d0;
T_1 ;
    %wait E_0000000000fea3e0;
    %load/vec4 v0000000000ff1ec0_0;
    %flag_set/vec4 8;
    %jmp/0xz  T_1.0, 8;
    %pushi/vec4 0, 0, 12;
    %assign/vec4 v0000000000ff20a0_0, 0;
    %jmp T_1.1;
T_1.0 ;
    %load/vec4 v0000000000ff1d80_0;
    %flag_set/vec4 8;
    %jmp/0xz  T_1.2, 8;
    %load/vec4 v0000000000ff1c40_0;
    %assign/vec4 v0000000000ff20a0_0, 0;
    %jmp T_1.3;
T_1.2 ;
    %load/vec4 v0000000000ff1e20_0;
    %flag_set/vec4 8;
    %jmp/0xz  T_1.4, 8;
    %load/vec4 v0000000000ff20a0_0;
    %addi 1, 0, 12;
    %assign/vec4 v0000000000ff20a0_0, 0;
T_1.4 ;
T_1.3 ;
T_1.1 ;
    %jmp T_1;
    .thread T_1;
    .scope S_0000000000fa6a70;
T_2 ;
    %wait E_0000000000fe9e20;
    %load/vec4 v0000000000ff1ce0_0;
    %dup/vec4;
    %pushi/vec4 0, 0, 3;
    %cmp/u;
    %jmp/1 T_2.0, 6;
    %dup/vec4;
    %pushi/vec4 1, 0, 3;
    %cmp/u;
    %jmp/1 T_2.1, 6;
    %dup/vec4;
    %pushi/vec4 2, 0, 3;
    %cmp/u;
    %jmp/1 T_2.2, 6;
    %dup/vec4;
    %pushi/vec4 3, 0, 3;
    %cmp/u;
    %jmp/1 T_2.3, 6;
    %dup/vec4;
    %pushi/vec4 4, 0, 3;
    %cmp/u;
    %jmp/1 T_2.4, 6;
    %dup/vec4;
    %pushi/vec4 5, 0, 3;
    %cmp/u;
    %jmp/1 T_2.5, 6;
    %dup/vec4;
    %pushi/vec4 6, 0, 3;
    %cmp/u;
    %jmp/1 T_2.6, 6;
    %dup/vec4;
    %pushi/vec4 7, 0, 3;
    %cmp/u;
    %jmp/1 T_2.7, 6;
    %pushi/vec4 0, 0, 4;
    %assign/vec4 v0000000000ff1740_0, 0;
    %jmp T_2.9;
T_2.0 ;
    %load/vec4 v0000000000ff12e0_0;
    %load/vec4 v0000000000ff1f60_0;
    %and;
    %assign/vec4 v0000000000ff1740_0, 0;
    %jmp T_2.9;
T_2.1 ;
    %load/vec4 v0000000000ff12e0_0;
    %load/vec4 v0000000000ff1f60_0;
    %or;
    %assign/vec4 v0000000000ff1740_0, 0;
    %jmp T_2.9;
T_2.2 ;
    %load/vec4 v0000000000ff12e0_0;
    %load/vec4 v0000000000ff1f60_0;
    %add;
    %assign/vec4 v0000000000ff1740_0, 0;
    %jmp T_2.9;
T_2.3 ;
    %pushi/vec4 0, 0, 4;
    %assign/vec4 v0000000000ff1740_0, 0;
    %jmp T_2.9;
T_2.4 ;
    %load/vec4 v0000000000ff12e0_0;
    %load/vec4 v0000000000ff1f60_0;
    %inv;
    %and;
    %assign/vec4 v0000000000ff1740_0, 0;
    %jmp T_2.9;
T_2.5 ;
    %load/vec4 v0000000000ff12e0_0;
    %load/vec4 v0000000000ff1f60_0;
    %inv;
    %or;
    %assign/vec4 v0000000000ff1740_0, 0;
    %jmp T_2.9;
T_2.6 ;
    %load/vec4 v0000000000ff12e0_0;
    %load/vec4 v0000000000ff1f60_0;
    %sub;
    %assign/vec4 v0000000000ff1740_0, 0;
    %jmp T_2.9;
T_2.7 ;
    %load/vec4 v0000000000ff12e0_0;
    %load/vec4 v0000000000ff1f60_0;
    %cmp/u;
    %flag_mov 8, 5;
    %jmp/0 T_2.10, 8;
    %pushi/vec4 15, 0, 4;
    %jmp/1 T_2.11, 8;
T_2.10 ; End of true expr.
    %pushi/vec4 0, 0, 4;
    %jmp/0 T_2.11, 8;
 ; End of false expr.
    %blend;
T_2.11;
    %assign/vec4 v0000000000ff1740_0, 0;
    %jmp T_2.9;
T_2.9 ;
    %pop/vec4 1;
    %jmp T_2;
    .thread T_2, $push;
    .scope S_0000000000fabc80;
T_3 ;
    %delay 1, 0;
    %vpi_call 3 10 "$display", "       ALU         " {0 0 0};
    %vpi_call 3 11 "$display", " A    B    S  | resultado  " {0 0 0};
    %vpi_call 3 12 "$display", "--------------|-----------" {0 0 0};
    %vpi_call 3 13 "$monitor", "%b %b %b | %b ", v0000000000ff2000_0, v0000000000ff21e0_0, v0000000000ff1880_0, v0000000000ff17e0_0 {0 0 0};
    %end;
    .thread T_3;
    .scope S_0000000000fabc80;
T_4 ;
    %pushi/vec4 5, 0, 4;
    %store/vec4 v0000000000ff2000_0, 0, 4;
    %pushi/vec4 0, 0, 4;
    %store/vec4 v0000000000ff21e0_0, 0, 4;
    %pushi/vec4 0, 0, 3;
    %store/vec4 v0000000000ff1880_0, 0, 3;
    %delay 3, 0;
    %pushi/vec4 5, 0, 4;
    %store/vec4 v0000000000ff2000_0, 0, 4;
    %pushi/vec4 0, 0, 4;
    %store/vec4 v0000000000ff21e0_0, 0, 4;
    %pushi/vec4 1, 0, 3;
    %store/vec4 v0000000000ff1880_0, 0, 3;
    %delay 3, 0;
    %pushi/vec4 5, 0, 4;
    %store/vec4 v0000000000ff2000_0, 0, 4;
    %pushi/vec4 1, 0, 4;
    %store/vec4 v0000000000ff21e0_0, 0, 4;
    %pushi/vec4 2, 0, 3;
    %store/vec4 v0000000000ff1880_0, 0, 3;
    %delay 3, 0;
    %pushi/vec4 5, 0, 4;
    %store/vec4 v0000000000ff2000_0, 0, 4;
    %pushi/vec4 0, 0, 4;
    %store/vec4 v0000000000ff21e0_0, 0, 4;
    %pushi/vec4 3, 0, 3;
    %store/vec4 v0000000000ff1880_0, 0, 3;
    %delay 3, 0;
    %pushi/vec4 5, 0, 4;
    %store/vec4 v0000000000ff2000_0, 0, 4;
    %pushi/vec4 0, 0, 4;
    %store/vec4 v0000000000ff21e0_0, 0, 4;
    %pushi/vec4 4, 0, 3;
    %store/vec4 v0000000000ff1880_0, 0, 3;
    %delay 3, 0;
    %pushi/vec4 5, 0, 4;
    %store/vec4 v0000000000ff2000_0, 0, 4;
    %pushi/vec4 0, 0, 4;
    %store/vec4 v0000000000ff21e0_0, 0, 4;
    %pushi/vec4 5, 0, 3;
    %store/vec4 v0000000000ff1880_0, 0, 3;
    %delay 3, 0;
    %pushi/vec4 5, 0, 4;
    %store/vec4 v0000000000ff2000_0, 0, 4;
    %pushi/vec4 1, 0, 4;
    %store/vec4 v0000000000ff21e0_0, 0, 4;
    %pushi/vec4 6, 0, 3;
    %store/vec4 v0000000000ff1880_0, 0, 3;
    %delay 3, 0;
    %pushi/vec4 5, 0, 4;
    %store/vec4 v0000000000ff2000_0, 0, 4;
    %pushi/vec4 0, 0, 4;
    %store/vec4 v0000000000ff21e0_0, 0, 4;
    %pushi/vec4 7, 0, 3;
    %store/vec4 v0000000000ff1880_0, 0, 3;
    %end;
    .thread T_4;
    .scope S_0000000000fabc80;
T_5 ;
    %delay 50, 0;
    %vpi_call 3 27 "$finish" {0 0 0};
    %end;
    .thread T_5;
    .scope S_0000000000fabc80;
T_6 ;
    %vpi_call 3 29 "$dumpfile", "contador.vcd" {0 0 0};
    %vpi_call 3 30 "$dumpvars", 32'sb00000000000000000000000000000000, S_0000000000fabc80 {0 0 0};
    %end;
    .thread T_6;
# The file index is used to find the file name in the following table.
:file_names 4;
    "N/A";
    "<interactive>";
    "./contador.v";
    "ALU_tb.v";
