#! /usr/local/iverilog/bin/vvp
:ivl_version "11.0 (devel)" "(s20150603-642-g3bdb50da)";
:ivl_delay_selection "TYPICAL";
:vpi_time_precision + 0;
:vpi_module "system";
:vpi_module "vhdl_sys";
:vpi_module "vhdl_textio";
:vpi_module "v2005_math";
:vpi_module "va_math";
S_0000000000f43c80 .scope module, "testbench" "testbench" 2 3;
 .timescale 0 0;
v0000000000fcaed0_0 .var "A", 0 0;
v0000000000fca570_0 .var "B", 0 0;
v0000000000fcb510_0 .var "D1", 3 0;
v0000000000fca9d0_0 .net "O0", 0 0, L_0000000000f66130;  1 drivers
v0000000000fc9990_0 .net "O1", 0 0, L_0000000000fd4f60;  1 drivers
v0000000000fcae30_0 .net "O2", 0 0, L_0000000000fd4be0;  1 drivers
v0000000000fca110_0 .net "O3", 0 0, L_0000000000fcde60;  1 drivers
v0000000000fcabb0_0 .net "Q1", 3 0, v0000000000f62920_0;  1 drivers
v0000000000fca4d0_0 .var "RST", 0 0;
v0000000000fcab10_0 .var "ST", 0 0;
v0000000000fca250_0 .var "clock", 0 0;
o0000000000f75b28 .functor BUFZ 1, C4<z>; HiZ drive
v0000000000fcac50_0 .net "p1", 0 0, o0000000000f75b28;  0 drivers
o0000000000f75b58 .functor BUFZ 1, C4<z>; HiZ drive
v0000000000fcaf70_0 .net "p2", 0 0, o0000000000f75b58;  0 drivers
v0000000000fcb010_0 .var "p3", 0 0;
S_0000000000f72f90 .scope module, "U1" "FFD5" 2 10, 3 2 0, S_0000000000f43c80;
 .timescale 0 0;
    .port_info 0 /INPUT 1 "clock";
    .port_info 1 /INPUT 1 "reset";
    .port_info 2 /INPUT 1 "set";
    .port_info 3 /INPUT 4 "D";
    .port_info 4 /OUTPUT 4 "Q";
v0000000000f61ac0_0 .net "D", 3 0, v0000000000fcb510_0;  1 drivers
v0000000000f62920_0 .var "Q", 3 0;
v0000000000f61980_0 .net "clock", 0 0, v0000000000fca250_0;  1 drivers
v0000000000f61d40_0 .net "reset", 0 0, v0000000000fca4d0_0;  1 drivers
v0000000000f61e80_0 .net "set", 0 0, v0000000000fcab10_0;  1 drivers
E_0000000000f70f50 .event posedge, v0000000000f61e80_0, v0000000000f61d40_0, v0000000000f61980_0;
S_000000000108eb60 .scope module, "U3" "FINALEJ1" 2 11, 3 28 0, S_0000000000f43c80;
 .timescale 0 0;
    .port_info 0 /INPUT 1 "A";
    .port_info 1 /INPUT 1 "B";
    .port_info 2 /INPUT 1 "clock";
    .port_info 3 /INPUT 1 "reset";
    .port_info 4 /OUTPUT 1 "Y";
L_0000000000f66bb0 .functor AND 1, v0000000000f61340_0, o0000000000f75b58, C4<1>, C4<1>;
L_0000000000f66830 .functor AND 1, v0000000000f61de0_0, o0000000000f75b28, C4<1>, C4<1>;
L_0000000000f66b40 .functor AND 1, L_0000000000f66830, o0000000000f75b58, C4<1>, C4<1>;
L_0000000000f66440 .functor OR 1, L_0000000000f66bb0, L_0000000000f66b40, C4<0>, C4<0>;
L_0000000000f66ad0 .functor NOT 1, v0000000000f61de0_0, C4<0>, C4<0>, C4<0>;
L_0000000000f668a0 .functor NOT 1, v0000000000f61340_0, C4<0>, C4<0>, C4<0>;
L_0000000000f667c0 .functor AND 1, L_0000000000f66ad0, L_0000000000f668a0, C4<1>, C4<1>;
L_0000000000f66c90 .functor AND 1, L_0000000000f667c0, o0000000000f75b28, C4<1>, C4<1>;
L_0000000000f66590 .functor AND 1, v0000000000f61de0_0, o0000000000f75b28, C4<1>, C4<1>;
L_0000000000f66130 .functor AND 1, L_0000000000f66590, o0000000000f75b58, C4<1>, C4<1>;
v0000000000f3ea90_0 .net "A", 0 0, o0000000000f75b28;  alias, 0 drivers
v0000000000f3e6d0_0 .net "B", 0 0, o0000000000f75b58;  alias, 0 drivers
v0000000000fc8b00_0 .net "S0", 0 0, v0000000000f61340_0;  1 drivers
v0000000000fc8c40_0 .net "S0F", 0 0, L_0000000000f66c90;  1 drivers
v0000000000fc8f60_0 .net "S1", 0 0, v0000000000f61de0_0;  1 drivers
v0000000000fc8560_0 .net "S1F", 0 0, L_0000000000f66440;  1 drivers
v0000000000fc91e0_0 .net "Y", 0 0, L_0000000000f66130;  alias, 1 drivers
v0000000000fc90a0_0 .net *"_s0", 0 0, L_0000000000f66bb0;  1 drivers
v0000000000fc93c0_0 .net *"_s10", 0 0, L_0000000000f668a0;  1 drivers
v0000000000fc7de0_0 .net *"_s12", 0 0, L_0000000000f667c0;  1 drivers
v0000000000fc9640_0 .net *"_s16", 0 0, L_0000000000f66590;  1 drivers
v0000000000fc7c00_0 .net *"_s2", 0 0, L_0000000000f66830;  1 drivers
v0000000000fc7e80_0 .net *"_s4", 0 0, L_0000000000f66b40;  1 drivers
v0000000000fc82e0_0 .net *"_s8", 0 0, L_0000000000f66ad0;  1 drivers
v0000000000fc96e0_0 .net "clock", 0 0, v0000000000fca250_0;  alias, 1 drivers
v0000000000fc9280_0 .net "reset", 0 0, v0000000000fca4d0_0;  alias, 1 drivers
S_000000000108ecf0 .scope module, "E2" "FD1" 3 33, 3 16 0, S_000000000108eb60;
 .timescale 0 0;
    .port_info 0 /INPUT 1 "clock";
    .port_info 1 /INPUT 1 "reset";
    .port_info 2 /INPUT 1 "D";
    .port_info 3 /OUTPUT 1 "Q";
v0000000000f62e20_0 .net "D", 0 0, L_0000000000f66440;  alias, 1 drivers
v0000000000f61de0_0 .var "Q", 0 0;
v0000000000f62ec0_0 .net "clock", 0 0, v0000000000fca250_0;  alias, 1 drivers
v0000000000f61160_0 .net "reset", 0 0, v0000000000fca4d0_0;  alias, 1 drivers
E_0000000000f71a50 .event posedge, v0000000000f61d40_0, v0000000000f61980_0;
S_000000000108d980 .scope module, "E3" "FD1" 3 34, 3 16 0, S_000000000108eb60;
 .timescale 0 0;
    .port_info 0 /INPUT 1 "clock";
    .port_info 1 /INPUT 1 "reset";
    .port_info 2 /INPUT 1 "D";
    .port_info 3 /OUTPUT 1 "Q";
v0000000000f612a0_0 .net "D", 0 0, L_0000000000f66c90;  alias, 1 drivers
v0000000000f61340_0 .var "Q", 0 0;
v0000000000f61fc0_0 .net "clock", 0 0, v0000000000fca250_0;  alias, 1 drivers
v0000000000f62060_0 .net "reset", 0 0, v0000000000fca4d0_0;  alias, 1 drivers
S_000000000108db10 .scope module, "U4" "FINALEJ3" 2 12, 3 38 0, S_0000000000f43c80;
 .timescale 0 0;
    .port_info 0 /INPUT 1 "P";
    .port_info 1 /INPUT 1 "clock";
    .port_info 2 /INPUT 1 "reset";
    .port_info 3 /OUTPUT 1 "Y2";
    .port_info 4 /OUTPUT 1 "Y1";
    .port_info 5 /OUTPUT 1 "Y0";
L_0000000000f66d00 .functor NOT 1, v0000000000fc8100_0, C4<0>, C4<0>, C4<0>;
L_0000000000f66670 .functor AND 1, L_0000000000f66d00, v0000000000fc8600_0, C4<1>, C4<1>;
L_0000000000f666e0 .functor AND 1, L_0000000000f66670, v0000000000fc87e0_0, C4<1>, C4<1>;
L_0000000000f66d70 .functor AND 1, L_0000000000f666e0, v0000000000fcb010_0, C4<1>, C4<1>;
L_0000000000f66280 .functor NOT 1, v0000000000fc8100_0, C4<0>, C4<0>, C4<0>;
L_0000000000f66750 .functor NOT 1, v0000000000fc8600_0, C4<0>, C4<0>, C4<0>;
L_0000000000f66ec0 .functor AND 1, L_0000000000f66280, L_0000000000f66750, C4<1>, C4<1>;
L_0000000000f662f0 .functor NOT 1, v0000000000fc87e0_0, C4<0>, C4<0>, C4<0>;
L_0000000000fcd6f0 .functor AND 1, L_0000000000f66ec0, L_0000000000f662f0, C4<1>, C4<1>;
L_0000000000fce020 .functor NOT 1, v0000000000fcb010_0, C4<0>, C4<0>, C4<0>;
L_0000000000fcd610 .functor AND 1, L_0000000000fcd6f0, L_0000000000fce020, C4<1>, C4<1>;
L_0000000000fcdf40 .functor OR 1, L_0000000000f66d70, L_0000000000fcd610, C4<0>, C4<0>;
L_0000000000fcdb50 .functor NOT 1, v0000000000fc8600_0, C4<0>, C4<0>, C4<0>;
L_0000000000fcdd80 .functor AND 1, v0000000000fc8100_0, L_0000000000fcdb50, C4<1>, C4<1>;
L_0000000000fcd920 .functor AND 1, L_0000000000fcdd80, v0000000000fc87e0_0, C4<1>, C4<1>;
L_0000000000fcdbc0 .functor OR 1, L_0000000000fcdf40, L_0000000000fcd920, C4<0>, C4<0>;
L_0000000000fce170 .functor NOT 1, v0000000000fc87e0_0, C4<0>, C4<0>, C4<0>;
L_0000000000fcddf0 .functor AND 1, v0000000000fc8100_0, L_0000000000fce170, C4<1>, C4<1>;
L_0000000000fcded0 .functor AND 1, L_0000000000fcddf0, v0000000000fcb010_0, C4<1>, C4<1>;
L_0000000000fcd300 .functor OR 1, L_0000000000fcdbc0, L_0000000000fcded0, C4<0>, C4<0>;
L_0000000000fcdae0 .functor AND 1, v0000000000fc8100_0, v0000000000fc8600_0, C4<1>, C4<1>;
L_0000000000fcdfb0 .functor NOT 1, v0000000000fcb010_0, C4<0>, C4<0>, C4<0>;
L_0000000000fce090 .functor AND 1, L_0000000000fcdae0, L_0000000000fcdfb0, C4<1>, C4<1>;
L_0000000000fcd530 .functor OR 1, L_0000000000fcd300, L_0000000000fce090, C4<0>, C4<0>;
L_0000000000fcd5a0 .functor NOT 1, v0000000000fc8600_0, C4<0>, C4<0>, C4<0>;
L_0000000000fcdc30 .functor AND 1, L_0000000000fcd5a0, v0000000000fc87e0_0, C4<1>, C4<1>;
L_0000000000fcd680 .functor AND 1, L_0000000000fcdc30, v0000000000fcb010_0, C4<1>, C4<1>;
L_0000000000fce100 .functor NOT 1, v0000000000fc87e0_0, C4<0>, C4<0>, C4<0>;
L_0000000000fcd370 .functor AND 1, v0000000000fc8600_0, L_0000000000fce100, C4<1>, C4<1>;
L_0000000000fcd760 .functor AND 1, L_0000000000fcd370, v0000000000fcb010_0, C4<1>, C4<1>;
L_0000000000fcd990 .functor OR 1, L_0000000000fcd680, L_0000000000fcd760, C4<0>, C4<0>;
L_0000000000fcd290 .functor AND 1, v0000000000fc8600_0, v0000000000fc87e0_0, C4<1>, C4<1>;
L_0000000000fcda00 .functor NOT 1, v0000000000fcb010_0, C4<0>, C4<0>, C4<0>;
L_0000000000fcd4c0 .functor AND 1, L_0000000000fcd290, L_0000000000fcda00, C4<1>, C4<1>;
L_0000000000fcd450 .functor OR 1, L_0000000000fcd990, L_0000000000fcd4c0, C4<0>, C4<0>;
L_0000000000fcd3e0 .functor NOT 1, v0000000000fc8600_0, C4<0>, C4<0>, C4<0>;
L_0000000000fcdca0 .functor NOT 1, v0000000000fc87e0_0, C4<0>, C4<0>, C4<0>;
L_0000000000fcd7d0 .functor AND 1, L_0000000000fcd3e0, L_0000000000fcdca0, C4<1>, C4<1>;
L_0000000000fcd840 .functor NOT 1, v0000000000fcb010_0, C4<0>, C4<0>, C4<0>;
L_0000000000fcd8b0 .functor AND 1, L_0000000000fcd7d0, L_0000000000fcd840, C4<1>, C4<1>;
L_0000000000fcdd10 .functor OR 1, L_0000000000fcd450, L_0000000000fcd8b0, C4<0>, C4<0>;
L_0000000000fcda70 .functor NOT 1, v0000000000fc87e0_0, C4<0>, C4<0>, C4<0>;
L_0000000000fcde60 .functor BUFZ 1, v0000000000fc8100_0, C4<0>, C4<0>, C4<0>;
L_0000000000fd5510 .functor NOT 1, v0000000000fc8100_0, C4<0>, C4<0>, C4<0>;
L_0000000000fd5270 .functor AND 1, L_0000000000fd5510, v0000000000fc8600_0, C4<1>, C4<1>;
L_0000000000fd4780 .functor NOT 1, v0000000000fc8600_0, C4<0>, C4<0>, C4<0>;
L_0000000000fd5430 .functor AND 1, v0000000000fc8100_0, L_0000000000fd4780, C4<1>, C4<1>;
L_0000000000fd4be0 .functor OR 1, L_0000000000fd5270, L_0000000000fd5430, C4<0>, C4<0>;
L_0000000000fd4a20 .functor NOT 1, v0000000000fc8600_0, C4<0>, C4<0>, C4<0>;
L_0000000000fd4a90 .functor AND 1, L_0000000000fd4a20, v0000000000fc87e0_0, C4<1>, C4<1>;
L_0000000000fd4ef0 .functor NOT 1, v0000000000fc87e0_0, C4<0>, C4<0>, C4<0>;
L_0000000000fd5040 .functor AND 1, L_0000000000fd4ef0, v0000000000fc8600_0, C4<1>, C4<1>;
L_0000000000fd4f60 .functor OR 1, L_0000000000fd4a90, L_0000000000fd5040, C4<0>, C4<0>;
v0000000000fc8920_0 .net "P", 0 0, v0000000000fcb010_0;  1 drivers
v0000000000fc9500_0 .net "S0", 0 0, v0000000000fc87e0_0;  1 drivers
v0000000000fc89c0_0 .net "S0F", 0 0, L_0000000000fcda70;  1 drivers
v0000000000fc81a0_0 .net "S1", 0 0, v0000000000fc8600_0;  1 drivers
v0000000000fc7ca0_0 .net "S1F", 0 0, L_0000000000fcdd10;  1 drivers
v0000000000fc8a60_0 .net "S2", 0 0, v0000000000fc8100_0;  1 drivers
v0000000000fc8ba0_0 .net "S2F", 0 0, L_0000000000fcd530;  1 drivers
v0000000000fc9000_0 .net "Y0", 0 0, L_0000000000fd4f60;  alias, 1 drivers
v0000000000fc8240_0 .net "Y1", 0 0, L_0000000000fd4be0;  alias, 1 drivers
v0000000000fc8420_0 .net "Y2", 0 0, L_0000000000fcde60;  alias, 1 drivers
v0000000000fc95a0_0 .net *"_s0", 0 0, L_0000000000f66d00;  1 drivers
v0000000000fc9140_0 .net *"_s10", 0 0, L_0000000000f66750;  1 drivers
v0000000000fc7840_0 .net *"_s100", 0 0, L_0000000000fd4ef0;  1 drivers
v0000000000fc78e0_0 .net *"_s102", 0 0, L_0000000000fd5040;  1 drivers
v0000000000fc8380_0 .net *"_s12", 0 0, L_0000000000f66ec0;  1 drivers
v0000000000fc7980_0 .net *"_s14", 0 0, L_0000000000f662f0;  1 drivers
v0000000000fc8ec0_0 .net *"_s16", 0 0, L_0000000000fcd6f0;  1 drivers
v0000000000fc7a20_0 .net *"_s18", 0 0, L_0000000000fce020;  1 drivers
v0000000000fc7ac0_0 .net *"_s2", 0 0, L_0000000000f66670;  1 drivers
v0000000000fc84c0_0 .net *"_s20", 0 0, L_0000000000fcd610;  1 drivers
v0000000000fc8ce0_0 .net *"_s22", 0 0, L_0000000000fcdf40;  1 drivers
v0000000000fc8d80_0 .net *"_s24", 0 0, L_0000000000fcdb50;  1 drivers
v0000000000fc8e20_0 .net *"_s26", 0 0, L_0000000000fcdd80;  1 drivers
v0000000000fc7b60_0 .net *"_s28", 0 0, L_0000000000fcd920;  1 drivers
v0000000000fca2f0_0 .net *"_s30", 0 0, L_0000000000fcdbc0;  1 drivers
v0000000000fcb150_0 .net *"_s32", 0 0, L_0000000000fce170;  1 drivers
v0000000000fca390_0 .net *"_s34", 0 0, L_0000000000fcddf0;  1 drivers
v0000000000fc98f0_0 .net *"_s36", 0 0, L_0000000000fcded0;  1 drivers
v0000000000fcb470_0 .net *"_s38", 0 0, L_0000000000fcd300;  1 drivers
v0000000000fcacf0_0 .net *"_s4", 0 0, L_0000000000f666e0;  1 drivers
v0000000000fcb1f0_0 .net *"_s40", 0 0, L_0000000000fcdae0;  1 drivers
v0000000000fc9ad0_0 .net *"_s42", 0 0, L_0000000000fcdfb0;  1 drivers
v0000000000fcb290_0 .net *"_s44", 0 0, L_0000000000fce090;  1 drivers
v0000000000fc9df0_0 .net *"_s48", 0 0, L_0000000000fcd5a0;  1 drivers
v0000000000fcb650_0 .net *"_s50", 0 0, L_0000000000fcdc30;  1 drivers
v0000000000fc9c10_0 .net *"_s52", 0 0, L_0000000000fcd680;  1 drivers
v0000000000fc9e90_0 .net *"_s54", 0 0, L_0000000000fce100;  1 drivers
v0000000000fca430_0 .net *"_s56", 0 0, L_0000000000fcd370;  1 drivers
v0000000000fcb6f0_0 .net *"_s58", 0 0, L_0000000000fcd760;  1 drivers
v0000000000fc9cb0_0 .net *"_s6", 0 0, L_0000000000f66d70;  1 drivers
v0000000000fc9850_0 .net *"_s60", 0 0, L_0000000000fcd990;  1 drivers
v0000000000fc9d50_0 .net *"_s62", 0 0, L_0000000000fcd290;  1 drivers
v0000000000fcb330_0 .net *"_s64", 0 0, L_0000000000fcda00;  1 drivers
v0000000000fc9f30_0 .net *"_s66", 0 0, L_0000000000fcd4c0;  1 drivers
v0000000000fca1b0_0 .net *"_s68", 0 0, L_0000000000fcd450;  1 drivers
v0000000000fcb0b0_0 .net *"_s70", 0 0, L_0000000000fcd3e0;  1 drivers
v0000000000fcb5b0_0 .net *"_s72", 0 0, L_0000000000fcdca0;  1 drivers
v0000000000fca7f0_0 .net *"_s74", 0 0, L_0000000000fcd7d0;  1 drivers
v0000000000fca890_0 .net *"_s76", 0 0, L_0000000000fcd840;  1 drivers
v0000000000fca750_0 .net *"_s78", 0 0, L_0000000000fcd8b0;  1 drivers
v0000000000fc9fd0_0 .net *"_s8", 0 0, L_0000000000f66280;  1 drivers
v0000000000fca6b0_0 .net *"_s86", 0 0, L_0000000000fd5510;  1 drivers
v0000000000fca930_0 .net *"_s88", 0 0, L_0000000000fd5270;  1 drivers
v0000000000fca070_0 .net *"_s90", 0 0, L_0000000000fd4780;  1 drivers
v0000000000fca610_0 .net *"_s92", 0 0, L_0000000000fd5430;  1 drivers
v0000000000fcb3d0_0 .net *"_s96", 0 0, L_0000000000fd4a20;  1 drivers
v0000000000fcaa70_0 .net *"_s98", 0 0, L_0000000000fd4a90;  1 drivers
v0000000000fc9b70_0 .net "clock", 0 0, v0000000000fca250_0;  alias, 1 drivers
v0000000000fcad90_0 .net "reset", 0 0, v0000000000fca4d0_0;  alias, 1 drivers
S_0000000000f45e60 .scope module, "E5" "FD1" 3 44, 3 16 0, S_000000000108db10;
 .timescale 0 0;
    .port_info 0 /INPUT 1 "clock";
    .port_info 1 /INPUT 1 "reset";
    .port_info 2 /INPUT 1 "D";
    .port_info 3 /OUTPUT 1 "Q";
v0000000000fc8880_0 .net "D", 0 0, L_0000000000fcd530;  alias, 1 drivers
v0000000000fc8100_0 .var "Q", 0 0;
v0000000000fc7d40_0 .net "clock", 0 0, v0000000000fca250_0;  alias, 1 drivers
v0000000000fc86a0_0 .net "reset", 0 0, v0000000000fca4d0_0;  alias, 1 drivers
S_0000000000f45ff0 .scope module, "E6" "FD1" 3 45, 3 16 0, S_000000000108db10;
 .timescale 0 0;
    .port_info 0 /INPUT 1 "clock";
    .port_info 1 /INPUT 1 "reset";
    .port_info 2 /INPUT 1 "D";
    .port_info 3 /OUTPUT 1 "Q";
v0000000000fc7f20_0 .net "D", 0 0, L_0000000000fcdd10;  alias, 1 drivers
v0000000000fc8600_0 .var "Q", 0 0;
v0000000000fc8740_0 .net "clock", 0 0, v0000000000fca250_0;  alias, 1 drivers
v0000000000fc7fc0_0 .net "reset", 0 0, v0000000000fca4d0_0;  alias, 1 drivers
S_0000000001086930 .scope module, "E7" "FD1" 3 46, 3 16 0, S_000000000108db10;
 .timescale 0 0;
    .port_info 0 /INPUT 1 "clock";
    .port_info 1 /INPUT 1 "reset";
    .port_info 2 /INPUT 1 "D";
    .port_info 3 /OUTPUT 1 "Q";
v0000000000fc9320_0 .net "D", 0 0, L_0000000000fcda70;  alias, 1 drivers
v0000000000fc87e0_0 .var "Q", 0 0;
v0000000000fc8060_0 .net "clock", 0 0, v0000000000fca250_0;  alias, 1 drivers
v0000000000fc9460_0 .net "reset", 0 0, v0000000000fca4d0_0;  alias, 1 drivers
    .scope S_0000000000f72f90;
T_0 ;
    %wait E_0000000000f70f50;
    %load/vec4 v0000000000f61d40_0;
    %flag_set/vec4 8;
    %jmp/0xz  T_0.0, 8;
    %pushi/vec4 0, 0, 4;
    %assign/vec4 v0000000000f62920_0, 0;
    %jmp T_0.1;
T_0.0 ;
    %load/vec4 v0000000000f61e80_0;
    %flag_set/vec4 8;
    %jmp/0xz  T_0.2, 8;
    %pushi/vec4 15, 0, 4;
    %assign/vec4 v0000000000f62920_0, 0;
    %jmp T_0.3;
T_0.2 ;
    %load/vec4 v0000000000f61ac0_0;
    %assign/vec4 v0000000000f62920_0, 0;
T_0.3 ;
T_0.1 ;
    %jmp T_0;
    .thread T_0;
    .scope S_000000000108ecf0;
T_1 ;
    %wait E_0000000000f71a50;
    %load/vec4 v0000000000f61160_0;
    %flag_set/vec4 8;
    %jmp/0xz  T_1.0, 8;
    %pushi/vec4 0, 0, 1;
    %assign/vec4 v0000000000f61de0_0, 0;
    %jmp T_1.1;
T_1.0 ;
    %load/vec4 v0000000000f62e20_0;
    %assign/vec4 v0000000000f61de0_0, 0;
T_1.1 ;
    %jmp T_1;
    .thread T_1;
    .scope S_000000000108d980;
T_2 ;
    %wait E_0000000000f71a50;
    %load/vec4 v0000000000f62060_0;
    %flag_set/vec4 8;
    %jmp/0xz  T_2.0, 8;
    %pushi/vec4 0, 0, 1;
    %assign/vec4 v0000000000f61340_0, 0;
    %jmp T_2.1;
T_2.0 ;
    %load/vec4 v0000000000f612a0_0;
    %assign/vec4 v0000000000f61340_0, 0;
T_2.1 ;
    %jmp T_2;
    .thread T_2;
    .scope S_0000000000f45e60;
T_3 ;
    %wait E_0000000000f71a50;
    %load/vec4 v0000000000fc86a0_0;
    %flag_set/vec4 8;
    %jmp/0xz  T_3.0, 8;
    %pushi/vec4 0, 0, 1;
    %assign/vec4 v0000000000fc8100_0, 0;
    %jmp T_3.1;
T_3.0 ;
    %load/vec4 v0000000000fc8880_0;
    %assign/vec4 v0000000000fc8100_0, 0;
T_3.1 ;
    %jmp T_3;
    .thread T_3;
    .scope S_0000000000f45ff0;
T_4 ;
    %wait E_0000000000f71a50;
    %load/vec4 v0000000000fc7fc0_0;
    %flag_set/vec4 8;
    %jmp/0xz  T_4.0, 8;
    %pushi/vec4 0, 0, 1;
    %assign/vec4 v0000000000fc8600_0, 0;
    %jmp T_4.1;
T_4.0 ;
    %load/vec4 v0000000000fc7f20_0;
    %assign/vec4 v0000000000fc8600_0, 0;
T_4.1 ;
    %jmp T_4;
    .thread T_4;
    .scope S_0000000001086930;
T_5 ;
    %wait E_0000000000f71a50;
    %load/vec4 v0000000000fc9460_0;
    %flag_set/vec4 8;
    %jmp/0xz  T_5.0, 8;
    %pushi/vec4 0, 0, 1;
    %assign/vec4 v0000000000fc87e0_0, 0;
    %jmp T_5.1;
T_5.0 ;
    %load/vec4 v0000000000fc9320_0;
    %assign/vec4 v0000000000fc87e0_0, 0;
T_5.1 ;
    %jmp T_5;
    .thread T_5;
    .scope S_0000000000f43c80;
T_6 ;
    %pushi/vec4 0, 0, 1;
    %assign/vec4 v0000000000fca250_0, 0;
    %delay 1, 0;
    %load/vec4 v0000000000fca250_0;
    %inv;
    %assign/vec4 v0000000000fca250_0, 0;
    %delay 1, 0;
    %jmp T_6;
    .thread T_6;
    .scope S_0000000000f43c80;
T_7 ;
    %pushi/vec4 0, 0, 1;
    %assign/vec4 v0000000000fcab10_0, 0;
    %delay 1, 0;
    %load/vec4 v0000000000fcab10_0;
    %inv;
    %assign/vec4 v0000000000fcab10_0, 0;
    %delay 1, 0;
    %jmp T_7;
    .thread T_7;
    .scope S_0000000000f43c80;
T_8 ;
    %vpi_call 2 26 "$display", " Prueba ffrst" {0 0 0};
    %vpi_call 2 27 "$display", "S C R  D    |  Q " {0 0 0};
    %vpi_call 2 28 "$display", "------------|-----" {0 0 0};
    %vpi_call 2 29 "$monitor", "%b %b %b %b  | %b  ", v0000000000fcab10_0, v0000000000fca250_0, v0000000000fca4d0_0, v0000000000fcb510_0, v0000000000fcabb0_0 {0 0 0};
    %pushi/vec4 1, 0, 1;
    %store/vec4 v0000000000fca4d0_0, 0, 1;
    %pushi/vec4 1, 0, 1;
    %ix/load 4, 3, 0;
    %flag_set/imm 4, 0;
    %store/vec4 v0000000000fcb510_0, 4, 1;
    %pushi/vec4 1, 0, 1;
    %ix/load 4, 2, 0;
    %flag_set/imm 4, 0;
    %store/vec4 v0000000000fcb510_0, 4, 1;
    %pushi/vec4 0, 0, 1;
    %ix/load 4, 1, 0;
    %flag_set/imm 4, 0;
    %store/vec4 v0000000000fcb510_0, 4, 1;
    %pushi/vec4 0, 0, 1;
    %ix/load 4, 0, 0;
    %flag_set/imm 4, 0;
    %store/vec4 v0000000000fcb510_0, 4, 1;
    %delay 3, 0;
    %pushi/vec4 0, 0, 1;
    %store/vec4 v0000000000fca4d0_0, 0, 1;
    %pushi/vec4 0, 0, 1;
    %ix/load 4, 3, 0;
    %flag_set/imm 4, 0;
    %store/vec4 v0000000000fcb510_0, 4, 1;
    %pushi/vec4 1, 0, 1;
    %ix/load 4, 2, 0;
    %flag_set/imm 4, 0;
    %store/vec4 v0000000000fcb510_0, 4, 1;
    %pushi/vec4 1, 0, 1;
    %ix/load 4, 1, 0;
    %flag_set/imm 4, 0;
    %store/vec4 v0000000000fcb510_0, 4, 1;
    %pushi/vec4 0, 0, 1;
    %ix/load 4, 0, 0;
    %flag_set/imm 4, 0;
    %store/vec4 v0000000000fcb510_0, 4, 1;
    %delay 3, 0;
    %pushi/vec4 0, 0, 1;
    %store/vec4 v0000000000fca4d0_0, 0, 1;
    %pushi/vec4 1, 0, 1;
    %ix/load 4, 3, 0;
    %flag_set/imm 4, 0;
    %store/vec4 v0000000000fcb510_0, 4, 1;
    %pushi/vec4 1, 0, 1;
    %ix/load 4, 2, 0;
    %flag_set/imm 4, 0;
    %store/vec4 v0000000000fcb510_0, 4, 1;
    %pushi/vec4 1, 0, 1;
    %ix/load 4, 1, 0;
    %flag_set/imm 4, 0;
    %store/vec4 v0000000000fcb510_0, 4, 1;
    %pushi/vec4 1, 0, 1;
    %ix/load 4, 0, 0;
    %flag_set/imm 4, 0;
    %store/vec4 v0000000000fcb510_0, 4, 1;
    %delay 3, 0;
    %pushi/vec4 0, 0, 1;
    %store/vec4 v0000000000fca4d0_0, 0, 1;
    %pushi/vec4 0, 0, 1;
    %ix/load 4, 3, 0;
    %flag_set/imm 4, 0;
    %store/vec4 v0000000000fcb510_0, 4, 1;
    %pushi/vec4 0, 0, 1;
    %ix/load 4, 2, 0;
    %flag_set/imm 4, 0;
    %store/vec4 v0000000000fcb510_0, 4, 1;
    %pushi/vec4 1, 0, 1;
    %ix/load 4, 1, 0;
    %flag_set/imm 4, 0;
    %store/vec4 v0000000000fcb510_0, 4, 1;
    %pushi/vec4 1, 0, 1;
    %ix/load 4, 0, 0;
    %flag_set/imm 4, 0;
    %store/vec4 v0000000000fcb510_0, 4, 1;
    %delay 3, 0;
    %pushi/vec4 0, 0, 1;
    %store/vec4 v0000000000fca4d0_0, 0, 1;
    %pushi/vec4 1, 0, 1;
    %ix/load 4, 3, 0;
    %flag_set/imm 4, 0;
    %store/vec4 v0000000000fcb510_0, 4, 1;
    %pushi/vec4 1, 0, 1;
    %ix/load 4, 2, 0;
    %flag_set/imm 4, 0;
    %store/vec4 v0000000000fcb510_0, 4, 1;
    %pushi/vec4 0, 0, 1;
    %ix/load 4, 1, 0;
    %flag_set/imm 4, 0;
    %store/vec4 v0000000000fcb510_0, 4, 1;
    %pushi/vec4 1, 0, 1;
    %ix/load 4, 0, 0;
    %flag_set/imm 4, 0;
    %store/vec4 v0000000000fcb510_0, 4, 1;
    %end;
    .thread T_8;
    .scope S_0000000000f43c80;
T_9 ;
    %delay 13, 0;
    %vpi_call 2 39 "$display", " EJERCICIO 1 " {0 0 0};
    %vpi_call 2 40 "$display", "clk A B | Y " {0 0 0};
    %vpi_call 2 41 "$display", "--------|---" {0 0 0};
    %vpi_call 2 42 "$monitor", "%b  %b | %b ", v0000000000fcaed0_0, v0000000000fca570_0, v0000000000fca9d0_0 {0 0 0};
    %pushi/vec4 0, 0, 1;
    %store/vec4 v0000000000fcaed0_0, 0, 1;
    %pushi/vec4 0, 0, 1;
    %store/vec4 v0000000000fca570_0, 0, 1;
    %delay 2, 0;
    %pushi/vec4 0, 0, 1;
    %store/vec4 v0000000000fcaed0_0, 0, 1;
    %pushi/vec4 1, 0, 1;
    %store/vec4 v0000000000fca570_0, 0, 1;
    %delay 2, 0;
    %pushi/vec4 1, 0, 1;
    %store/vec4 v0000000000fcaed0_0, 0, 1;
    %pushi/vec4 0, 0, 1;
    %store/vec4 v0000000000fca570_0, 0, 1;
    %delay 2, 0;
    %pushi/vec4 1, 0, 1;
    %store/vec4 v0000000000fcaed0_0, 0, 1;
    %pushi/vec4 1, 0, 1;
    %store/vec4 v0000000000fca570_0, 0, 1;
    %delay 2, 0;
    %pushi/vec4 0, 0, 1;
    %store/vec4 v0000000000fcaed0_0, 0, 1;
    %pushi/vec4 1, 0, 1;
    %store/vec4 v0000000000fca570_0, 0, 1;
    %delay 2, 0;
    %pushi/vec4 0, 0, 1;
    %store/vec4 v0000000000fcaed0_0, 0, 1;
    %pushi/vec4 0, 0, 1;
    %store/vec4 v0000000000fca570_0, 0, 1;
    %delay 2, 0;
    %pushi/vec4 0, 0, 1;
    %store/vec4 v0000000000fcaed0_0, 0, 1;
    %pushi/vec4 1, 0, 1;
    %store/vec4 v0000000000fca570_0, 0, 1;
    %delay 2, 0;
    %pushi/vec4 1, 0, 1;
    %store/vec4 v0000000000fcaed0_0, 0, 1;
    %pushi/vec4 0, 0, 1;
    %store/vec4 v0000000000fca570_0, 0, 1;
    %delay 2, 0;
    %pushi/vec4 1, 0, 1;
    %store/vec4 v0000000000fcaed0_0, 0, 1;
    %pushi/vec4 1, 0, 1;
    %store/vec4 v0000000000fca570_0, 0, 1;
    %delay 2, 0;
    %pushi/vec4 0, 0, 1;
    %store/vec4 v0000000000fcaed0_0, 0, 1;
    %pushi/vec4 1, 0, 1;
    %store/vec4 v0000000000fca570_0, 0, 1;
    %end;
    .thread T_9;
    .scope S_0000000000f43c80;
T_10 ;
    %delay 41, 0;
    %vpi_call 2 57 "$display", " EJERCICIO 3 " {0 0 0};
    %vpi_call 2 58 "$display", "clk p |  Y " {0 0 0};
    %vpi_call 2 59 "$display", "------|----" {0 0 0};
    %vpi_call 2 60 "$monitor", "%b  %b  | %b %b %b ", v0000000000fca250_0, v0000000000fcb010_0, v0000000000fca110_0, v0000000000fcae30_0, v0000000000fc9990_0 {0 0 0};
    %pushi/vec4 1, 0, 1;
    %store/vec4 v0000000000fcb010_0, 0, 1;
    %pushi/vec4 1, 0, 1;
    %store/vec4 v0000000000fca4d0_0, 0, 1;
    %pushi/vec4 1, 0, 1;
    %store/vec4 v0000000000fcb010_0, 0, 1;
    %pushi/vec4 0, 0, 1;
    %store/vec4 v0000000000fca4d0_0, 0, 1;
    %pushi/vec4 1, 0, 1;
    %store/vec4 v0000000000fcb010_0, 0, 1;
    %delay 2, 0;
    %pushi/vec4 1, 0, 1;
    %store/vec4 v0000000000fcb010_0, 0, 1;
    %delay 2, 0;
    %pushi/vec4 1, 0, 1;
    %store/vec4 v0000000000fcb010_0, 0, 1;
    %delay 2, 0;
    %pushi/vec4 1, 0, 1;
    %store/vec4 v0000000000fcb010_0, 0, 1;
    %delay 2, 0;
    %pushi/vec4 1, 0, 1;
    %store/vec4 v0000000000fcb010_0, 0, 1;
    %delay 2, 0;
    %pushi/vec4 1, 0, 1;
    %store/vec4 v0000000000fcb010_0, 0, 1;
    %delay 2, 0;
    %pushi/vec4 1, 0, 1;
    %store/vec4 v0000000000fcb010_0, 0, 1;
    %delay 2, 0;
    %pushi/vec4 1, 0, 1;
    %store/vec4 v0000000000fcb010_0, 0, 1;
    %delay 2, 0;
    %pushi/vec4 0, 0, 1;
    %store/vec4 v0000000000fcb010_0, 0, 1;
    %delay 2, 0;
    %pushi/vec4 0, 0, 1;
    %store/vec4 v0000000000fcb010_0, 0, 1;
    %delay 2, 0;
    %pushi/vec4 0, 0, 1;
    %store/vec4 v0000000000fcb010_0, 0, 1;
    %delay 2, 0;
    %pushi/vec4 0, 0, 1;
    %store/vec4 v0000000000fcb010_0, 0, 1;
    %delay 2, 0;
    %pushi/vec4 0, 0, 1;
    %store/vec4 v0000000000fcb010_0, 0, 1;
    %delay 2, 0;
    %pushi/vec4 0, 0, 1;
    %store/vec4 v0000000000fcb010_0, 0, 1;
    %delay 2, 0;
    %pushi/vec4 0, 0, 1;
    %store/vec4 v0000000000fcb010_0, 0, 1;
    %delay 2, 0;
    %pushi/vec4 0, 0, 1;
    %store/vec4 v0000000000fcb010_0, 0, 1;
    %end;
    .thread T_10;
    .scope S_0000000000f43c80;
T_11 ;
    %delay 73, 0;
    %vpi_call 2 82 "$finish" {0 0 0};
    %end;
    .thread T_11;
    .scope S_0000000000f43c80;
T_12 ;
    %vpi_call 2 84 "$dumpfile", "ejercicio5y6_tb.vcd" {0 0 0};
    %vpi_call 2 85 "$dumpvars", 32'sb00000000000000000000000000000000, S_0000000000f43c80 {0 0 0};
    %end;
    .thread T_12;
# The file index is used to find the file name in the following table.
:file_names 4;
    "N/A";
    "<interactive>";
    "ejercicio5y6_tb.v";
    "./ejercicio5y6.v";
