#! /usr/local/iverilog/bin/vvp
:ivl_version "11.0 (devel)" "(s20150603-642-g3bdb50da)";
:ivl_delay_selection "TYPICAL";
:vpi_time_precision + 0;
:vpi_module "system";
:vpi_module "vhdl_sys";
:vpi_module "vhdl_textio";
:vpi_module "v2005_math";
:vpi_module "va_math";
S_000000000108aaa0 .scope module, "testbench" "testbench" 2 3;
 .timescale 0 0;
v00000000010e1230_0 .net "led1", 0 0, L_000000000107a250;  1 drivers
v00000000010e1d70_0 .net "led10", 0 0, L_00000000010eb0a0;  1 drivers
v00000000010e14b0_0 .net "led11", 0 0, L_00000000010eb6c0;  1 drivers
v00000000010e2770_0 .net "led2", 0 0, L_000000000107a9c0;  1 drivers
v00000000010e2630_0 .net "led3", 0 0, L_000000000107a640;  1 drivers
v00000000010e1b90_0 .net "led4", 0 0, L_00000000010e81d0;  1 drivers
v00000000010e1370_0 .net "led5", 0 0, L_00000000010e8010;  1 drivers
v00000000010e15f0_0 .net "led6", 0 0, L_00000000010e8940;  1 drivers
v00000000010e2130_0 .net "led7", 0 0, L_00000000010e8d30;  1 drivers
v00000000010e1730_0 .net "led8", 0 0, L_00000000010e8be0;  1 drivers
v00000000010e1e10_0 .net "led9", 0 0, L_00000000010eb490;  1 drivers
v00000000010e2810_0 .var "p1", 0 0;
v00000000010e1cd0_0 .var "p10", 0 0;
v00000000010e2270_0 .var "p11", 0 0;
v00000000010e28b0_0 .var "p12", 0 0;
v00000000010e1870_0 .var "p13", 0 0;
v00000000010e1410_0 .var "p14", 0 0;
v00000000010e1690_0 .var "p15", 0 0;
v00000000010e17d0_0 .var "p16", 0 0;
v00000000010e1eb0_0 .var "p17", 0 0;
v00000000010e21d0_0 .var "p2", 0 0;
v00000000010e2450_0 .var "p3", 0 0;
v00000000010e24f0_0 .var "p4", 0 0;
v00000000010e2590_0 .var "p5", 0 0;
v00000000010e2950_0 .var "p6", 0 0;
v00000000010e2b30_0 .var "p7", 0 0;
v00000000010e67b0_0 .var "p8", 0 0;
v00000000010e76b0_0 .var "p9", 0 0;
S_00000000010540a0 .scope module, "E1" "ejercicio1_1" 2 7, 3 2 0, S_000000000108aaa0;
 .timescale 0 0;
    .port_info 0 /INPUT 1 "A";
    .port_info 1 /INPUT 1 "B";
    .port_info 2 /INPUT 1 "C";
    .port_info 3 /OUTPUT 1 "OUT";
L_000000000107a870 .functor NOT 1, v00000000010e2810_0, C4<0>, C4<0>, C4<0>;
L_0000000001079e60 .functor NOT 1, v00000000010e21d0_0, C4<0>, C4<0>, C4<0>;
L_000000000107aaa0 .functor NOT 1, v00000000010e2450_0, C4<0>, C4<0>, C4<0>;
L_000000000107a3a0 .functor AND 1, L_000000000107a870, L_000000000107aaa0, C4<1>, C4<1>;
L_0000000001079df0 .functor AND 1, v00000000010e2810_0, v00000000010e2450_0, C4<1>, C4<1>;
L_000000000107a790 .functor AND 1, v00000000010e2810_0, L_0000000001079e60, C4<1>, C4<1>;
L_000000000107a250 .functor OR 1, L_000000000107a3a0, L_0000000001079df0, L_000000000107a790, C4<0>;
v000000000107ca40_0 .net "A", 0 0, v00000000010e2810_0;  1 drivers
v000000000107d580_0 .net "B", 0 0, v00000000010e21d0_0;  1 drivers
v000000000107d9e0_0 .net "C", 0 0, v00000000010e2450_0;  1 drivers
v000000000107e340_0 .net "OUT", 0 0, L_000000000107a250;  alias, 1 drivers
v000000000107d3a0_0 .net "w1", 0 0, L_000000000107a870;  1 drivers
v000000000107c860_0 .net "w2", 0 0, L_0000000001079e60;  1 drivers
v000000000107cd60_0 .net "w3", 0 0, L_000000000107aaa0;  1 drivers
v000000000107d120_0 .net "w4", 0 0, L_000000000107a3a0;  1 drivers
v000000000107cfe0_0 .net "w5", 0 0, L_0000000001079df0;  1 drivers
v000000000107dbc0_0 .net "w6", 0 0, L_000000000107a790;  1 drivers
S_0000000001054230 .scope module, "E10" "ejercicio5_SOP" 2 16, 3 79 0, S_000000000108aaa0;
 .timescale 0 0;
    .port_info 0 /INPUT 1 "A";
    .port_info 1 /INPUT 1 "B";
    .port_info 2 /INPUT 1 "C";
    .port_info 3 /OUTPUT 1 "OUT";
L_00000000010eb500 .functor NOT 1, v00000000010e17d0_0, C4<0>, C4<0>, C4<0>;
L_00000000010eb110 .functor AND 1, v00000000010e1690_0, L_00000000010eb500, C4<1>, C4<1>;
L_00000000010eb180 .functor NOT 1, v00000000010e1eb0_0, C4<0>, C4<0>, C4<0>;
L_00000000010ebce0 .functor AND 1, L_00000000010eb110, L_00000000010eb180, C4<1>, C4<1>;
L_00000000010eb030 .functor NOT 1, v00000000010e17d0_0, C4<0>, C4<0>, C4<0>;
L_00000000010ebab0 .functor AND 1, v00000000010e1690_0, L_00000000010eb030, C4<1>, C4<1>;
L_00000000010eb650 .functor AND 1, L_00000000010ebab0, v00000000010e1eb0_0, C4<1>, C4<1>;
L_00000000010ebb90 .functor OR 1, L_00000000010ebce0, L_00000000010eb650, C4<0>, C4<0>;
L_00000000010ebdc0 .functor AND 1, v00000000010e1690_0, v00000000010e17d0_0, C4<1>, C4<1>;
L_00000000010eb5e0 .functor AND 1, L_00000000010ebdc0, v00000000010e1eb0_0, C4<1>, C4<1>;
L_00000000010eb0a0 .functor OR 1, L_00000000010ebb90, L_00000000010eb5e0, C4<0>, C4<0>;
v000000000107d8a0_0 .net "A", 0 0, v00000000010e1690_0;  1 drivers
v000000000107d080_0 .net "B", 0 0, v00000000010e17d0_0;  1 drivers
v000000000107d1c0_0 .net "C", 0 0, v00000000010e1eb0_0;  1 drivers
v000000000107dc60_0 .net "OUT", 0 0, L_00000000010eb0a0;  alias, 1 drivers
v000000000107e2a0_0 .net *"_s0", 0 0, L_00000000010eb500;  1 drivers
v000000000107ce00_0 .net *"_s10", 0 0, L_00000000010ebab0;  1 drivers
v000000000107cae0_0 .net *"_s12", 0 0, L_00000000010eb650;  1 drivers
v000000000107c720_0 .net *"_s14", 0 0, L_00000000010ebb90;  1 drivers
v000000000107d260_0 .net *"_s16", 0 0, L_00000000010ebdc0;  1 drivers
v000000000107c900_0 .net *"_s18", 0 0, L_00000000010eb5e0;  1 drivers
v000000000107d300_0 .net *"_s2", 0 0, L_00000000010eb110;  1 drivers
v000000000107d440_0 .net *"_s4", 0 0, L_00000000010eb180;  1 drivers
v000000000107e020_0 .net *"_s6", 0 0, L_00000000010ebce0;  1 drivers
v000000000107d800_0 .net *"_s8", 0 0, L_00000000010eb030;  1 drivers
S_00000000010503e0 .scope module, "E11" "ejercicio5_kmap" 2 17, 3 37 0, S_000000000108aaa0;
 .timescale 0 0;
    .port_info 0 /INPUT 1 "A";
    .port_info 1 /INPUT 1 "B";
    .port_info 2 /INPUT 1 "C";
    .port_info 3 /OUTPUT 1 "OUT";
L_00000000010eb1f0 .functor NOT 1, v00000000010e17d0_0, C4<0>, C4<0>, C4<0>;
L_00000000010ebc70 .functor OR 1, L_00000000010eb1f0, v00000000010e1eb0_0, C4<0>, C4<0>;
L_00000000010eb6c0 .functor AND 1, v00000000010e1690_0, L_00000000010ebc70, C4<1>, C4<1>;
v000000000107d4e0_0 .net "A", 0 0, v00000000010e1690_0;  alias, 1 drivers
v000000000107dee0_0 .net "B", 0 0, v00000000010e17d0_0;  alias, 1 drivers
v000000000107d620_0 .net "C", 0 0, v00000000010e1eb0_0;  alias, 1 drivers
v000000000107d6c0_0 .net "OUT", 0 0, L_00000000010eb6c0;  alias, 1 drivers
v000000000107d760_0 .net "w1", 0 0, L_00000000010eb1f0;  1 drivers
v000000000107d940_0 .net "w2", 0 0, L_00000000010ebc70;  1 drivers
S_0000000001050570 .scope module, "E2" "ejercicio1_2" 2 8, 3 14 0, S_000000000108aaa0;
 .timescale 0 0;
    .port_info 0 /INPUT 1 "B";
    .port_info 1 /OUTPUT 1 "OUT";
L_000000000107a9c0 .functor NOT 1, v00000000010e21d0_0, C4<0>, C4<0>, C4<0>;
v000000000107da80_0 .net "B", 0 0, v00000000010e21d0_0;  alias, 1 drivers
v000000000107dd00_0 .net "OUT", 0 0, L_000000000107a9c0;  alias, 1 drivers
S_000000000110c9d0 .scope module, "E3" "ejercicio1_3" 2 9, 3 19 0, S_000000000108aaa0;
 .timescale 0 0;
    .port_info 0 /INPUT 1 "A";
    .port_info 1 /INPUT 1 "B";
    .port_info 2 /INPUT 1 "C";
    .port_info 3 /INPUT 1 "D";
    .port_info 4 /OUTPUT 1 "OUT";
L_000000000107aa30 .functor NOT 1, v00000000010e24f0_0, C4<0>, C4<0>, C4<0>;
L_000000000107a800 .functor NOT 1, v00000000010e2590_0, C4<0>, C4<0>, C4<0>;
L_000000000107a560 .functor NOT 1, v00000000010e2950_0, C4<0>, C4<0>, C4<0>;
L_000000000107a950 .functor NOT 1, v00000000010e2b30_0, C4<0>, C4<0>, C4<0>;
L_000000000107a480 .functor AND 1, L_000000000107aa30, L_000000000107a800, L_000000000107a560, L_000000000107a950;
L_000000000107a2c0 .functor AND 1, L_000000000107aa30, L_000000000107a800, v00000000010e2950_0, v00000000010e2b30_0;
L_0000000001079ed0 .functor AND 1, L_000000000107aa30, v00000000010e2590_0, v00000000010e2950_0, L_000000000107a950;
L_000000000107ab80 .functor AND 1, v00000000010e24f0_0, v00000000010e2590_0, L_000000000107a560, L_000000000107a950;
L_000000000107a330 .functor AND 1, v00000000010e24f0_0, v00000000010e2590_0, v00000000010e2950_0, v00000000010e2b30_0;
L_000000000107a5d0 .functor AND 1, v00000000010e24f0_0, L_000000000107a800, L_000000000107a560, v00000000010e2b30_0;
L_000000000107a090 .functor AND 1, v00000000010e24f0_0, L_000000000107a800, v00000000010e2950_0, L_000000000107a950;
L_000000000107a020 .functor AND 1, L_000000000107aa30, v00000000010e2590_0, L_000000000107a560, v00000000010e2b30_0;
L_000000000107a640/0/0 .functor OR 1, L_000000000107a480, L_000000000107a2c0, L_0000000001079ed0, L_000000000107ab80;
L_000000000107a640/0/4 .functor OR 1, L_000000000107a330, L_000000000107a5d0, L_000000000107a090, L_000000000107a020;
L_000000000107a640 .functor OR 1, L_000000000107a640/0/0, L_000000000107a640/0/4, C4<0>, C4<0>;
v000000000107cb80_0 .net "A", 0 0, v00000000010e24f0_0;  1 drivers
v000000000107dda0_0 .net "B", 0 0, v00000000010e2590_0;  1 drivers
v000000000107c7c0_0 .net "C", 0 0, v00000000010e2950_0;  1 drivers
v000000000107cc20_0 .net "D", 0 0, v00000000010e2b30_0;  1 drivers
v000000000107de40_0 .net "OUT", 0 0, L_000000000107a640;  alias, 1 drivers
v000000000107ccc0_0 .net "w1", 0 0, L_000000000107aa30;  1 drivers
v000000000107e160_0 .net "w10", 0 0, L_000000000107a5d0;  1 drivers
v000000000107df80_0 .net "w11", 0 0, L_000000000107a090;  1 drivers
v000000000107e3e0_0 .net "w12", 0 0, L_000000000107a020;  1 drivers
v000000000107e0c0_0 .net "w2", 0 0, L_000000000107a800;  1 drivers
v000000000107e200_0 .net "w3", 0 0, L_000000000107a560;  1 drivers
v000000000107c540_0 .net "w4", 0 0, L_000000000107a950;  1 drivers
v000000000107c5e0_0 .net "w5", 0 0, L_000000000107a480;  1 drivers
v000000000107c680_0 .net "w6", 0 0, L_000000000107a2c0;  1 drivers
v00000000010df630_0 .net "w7", 0 0, L_0000000001079ed0;  1 drivers
v00000000010dfef0_0 .net "w8", 0 0, L_000000000107ab80;  1 drivers
v00000000010e0030_0 .net "w9", 0 0, L_000000000107a330;  1 drivers
S_0000000001046570 .scope module, "E4" "ejercicio1_4" 2 10, 3 46 0, S_000000000108aaa0;
 .timescale 0 0;
    .port_info 0 /INPUT 1 "A";
    .port_info 1 /INPUT 1 "B";
    .port_info 2 /INPUT 1 "C";
    .port_info 3 /INPUT 1 "D";
    .port_info 4 /OUTPUT 1 "OUT";
L_000000000107ab10 .functor NOT 1, v00000000010e24f0_0, C4<0>, C4<0>, C4<0>;
L_0000000001079fb0 .functor NOT 1, v00000000010e2b30_0, C4<0>, C4<0>, C4<0>;
L_00000000010e8400 .functor OR 1, L_000000000107ab10, v00000000010e2590_0, v00000000010e2950_0, L_0000000001079fb0;
L_00000000010e81d0 .functor AND 1, v00000000010e24f0_0, L_00000000010e8400, C4<1>, C4<1>;
v00000000010e0990_0 .net "A", 0 0, v00000000010e24f0_0;  alias, 1 drivers
v00000000010e0850_0 .net "B", 0 0, v00000000010e2590_0;  alias, 1 drivers
v00000000010dfb30_0 .net "C", 0 0, v00000000010e2950_0;  alias, 1 drivers
v00000000010dfc70_0 .net "D", 0 0, v00000000010e2b30_0;  alias, 1 drivers
v00000000010deff0_0 .net "OUT", 0 0, L_00000000010e81d0;  alias, 1 drivers
v00000000010df810_0 .net "w1", 0 0, L_000000000107ab10;  1 drivers
v00000000010df090_0 .net "w2", 0 0, L_0000000001079fb0;  1 drivers
v00000000010e02b0_0 .net "w3", 0 0, L_00000000010e8400;  1 drivers
S_0000000001046700 .scope module, "E5" "ejercicio2_1" 2 11, 3 55 0, S_000000000108aaa0;
 .timescale 0 0;
    .port_info 0 /INPUT 1 "A";
    .port_info 1 /INPUT 1 "B";
    .port_info 2 /INPUT 1 "C";
    .port_info 3 /INPUT 1 "D";
    .port_info 4 /OUTPUT 1 "OUT";
L_00000000010e8470 .functor NOT 1, v00000000010e76b0_0, C4<0>, C4<0>, C4<0>;
L_00000000010e84e0 .functor AND 1, v00000000010e67b0_0, L_00000000010e8470, C4<1>, C4<1>;
L_00000000010e8320 .functor AND 1, v00000000010e67b0_0, v00000000010e1cd0_0, C4<1>, C4<1>;
L_00000000010e8a20 .functor NOT 1, v00000000010e2270_0, C4<0>, C4<0>, C4<0>;
L_00000000010e8550 .functor AND 1, L_00000000010e8320, L_00000000010e8a20, C4<1>, C4<1>;
L_00000000010e8390 .functor OR 1, L_00000000010e84e0, L_00000000010e8550, C4<0>, C4<0>;
L_00000000010e8a90 .functor NOT 1, v00000000010e1cd0_0, C4<0>, C4<0>, C4<0>;
L_00000000010e8780 .functor AND 1, v00000000010e67b0_0, L_00000000010e8a90, C4<1>, C4<1>;
L_00000000010e85c0 .functor OR 1, L_00000000010e8390, L_00000000010e8780, C4<0>, C4<0>;
L_00000000010e82b0 .functor NOT 1, v00000000010e76b0_0, C4<0>, C4<0>, C4<0>;
L_00000000010e8860 .functor NOT 1, v00000000010e1cd0_0, C4<0>, C4<0>, C4<0>;
L_00000000010e8630 .functor AND 1, L_00000000010e82b0, L_00000000010e8860, C4<1>, C4<1>;
L_00000000010e88d0 .functor NOT 1, v00000000010e2270_0, C4<0>, C4<0>, C4<0>;
L_00000000010e8240 .functor AND 1, L_00000000010e8630, L_00000000010e88d0, C4<1>, C4<1>;
L_00000000010e8010 .functor OR 1, L_00000000010e85c0, L_00000000010e8240, C4<0>, C4<0>;
v00000000010e0350_0 .net "A", 0 0, v00000000010e67b0_0;  1 drivers
v00000000010e0490_0 .net "B", 0 0, v00000000010e76b0_0;  1 drivers
v00000000010df450_0 .net "C", 0 0, v00000000010e1cd0_0;  1 drivers
v00000000010e08f0_0 .net "D", 0 0, v00000000010e2270_0;  1 drivers
v00000000010e07b0_0 .net "OUT", 0 0, L_00000000010e8010;  alias, 1 drivers
v00000000010df6d0_0 .net *"_s0", 0 0, L_00000000010e8470;  1 drivers
v00000000010ded70_0 .net *"_s10", 0 0, L_00000000010e8390;  1 drivers
v00000000010df3b0_0 .net *"_s12", 0 0, L_00000000010e8a90;  1 drivers
v00000000010df950_0 .net *"_s14", 0 0, L_00000000010e8780;  1 drivers
v00000000010dee10_0 .net *"_s16", 0 0, L_00000000010e85c0;  1 drivers
v00000000010e0710_0 .net *"_s18", 0 0, L_00000000010e82b0;  1 drivers
v00000000010deeb0_0 .net *"_s2", 0 0, L_00000000010e84e0;  1 drivers
v00000000010e00d0_0 .net *"_s20", 0 0, L_00000000010e8860;  1 drivers
v00000000010df770_0 .net *"_s22", 0 0, L_00000000010e8630;  1 drivers
v00000000010dec30_0 .net *"_s24", 0 0, L_00000000010e88d0;  1 drivers
v00000000010dff90_0 .net *"_s26", 0 0, L_00000000010e8240;  1 drivers
v00000000010e0170_0 .net *"_s4", 0 0, L_00000000010e8320;  1 drivers
v00000000010def50_0 .net *"_s6", 0 0, L_00000000010e8a20;  1 drivers
v00000000010dfbd0_0 .net *"_s8", 0 0, L_00000000010e8550;  1 drivers
S_00000000011068e0 .scope module, "E6" "ejercicio2_3" 2 12, 3 65 0, S_000000000108aaa0;
 .timescale 0 0;
    .port_info 0 /INPUT 1 "A";
    .port_info 1 /INPUT 1 "B";
    .port_info 2 /INPUT 1 "C";
    .port_info 3 /INPUT 1 "D";
    .port_info 4 /OUTPUT 1 "OUT";
L_00000000010e86a0 .functor OR 1, v00000000010e76b0_0, v00000000010e2270_0, C4<0>, C4<0>;
L_00000000010e87f0 .functor OR 1, v00000000010e67b0_0, v00000000010e76b0_0, C4<0>, C4<0>;
L_00000000010e7fa0 .functor NOT 1, v00000000010e1cd0_0, C4<0>, C4<0>, C4<0>;
L_00000000010e8710 .functor OR 1, L_00000000010e87f0, L_00000000010e7fa0, C4<0>, C4<0>;
L_00000000010e8940 .functor AND 1, L_00000000010e86a0, L_00000000010e8710, C4<1>, C4<1>;
v00000000010dfe50_0 .net "A", 0 0, v00000000010e67b0_0;  alias, 1 drivers
v00000000010df8b0_0 .net "B", 0 0, v00000000010e76b0_0;  alias, 1 drivers
v00000000010df9f0_0 .net "C", 0 0, v00000000010e1cd0_0;  alias, 1 drivers
v00000000010e0670_0 .net "D", 0 0, v00000000010e2270_0;  alias, 1 drivers
v00000000010df4f0_0 .net "OUT", 0 0, L_00000000010e8940;  alias, 1 drivers
v00000000010df590_0 .net *"_s0", 0 0, L_00000000010e86a0;  1 drivers
v00000000010dfa90_0 .net *"_s2", 0 0, L_00000000010e87f0;  1 drivers
v00000000010df270_0 .net *"_s4", 0 0, L_00000000010e7fa0;  1 drivers
v00000000010e0210_0 .net *"_s6", 0 0, L_00000000010e8710;  1 drivers
S_0000000001106a70 .scope module, "E7" "ejercicio2_2" 2 13, 3 60 0, S_000000000108aaa0;
 .timescale 0 0;
    .port_info 0 /INPUT 1 "B";
    .port_info 1 /INPUT 1 "C";
    .port_info 2 /OUTPUT 1 "OUT";
L_00000000010e89b0 .functor NOT 1, v00000000010e1870_0, C4<0>, C4<0>, C4<0>;
L_00000000010e8d30 .functor OR 1, v00000000010e1410_0, L_00000000010e89b0, C4<0>, C4<0>;
v00000000010dfd10_0 .net "B", 0 0, v00000000010e1870_0;  1 drivers
v00000000010dfdb0_0 .net "C", 0 0, v00000000010e1410_0;  1 drivers
v00000000010e03f0_0 .net "OUT", 0 0, L_00000000010e8d30;  alias, 1 drivers
v00000000010e0530_0 .net *"_s0", 0 0, L_00000000010e89b0;  1 drivers
S_00000000010e0bf0 .scope module, "E8" "ejercicio2_4" 2 14, 3 70 0, S_000000000108aaa0;
 .timescale 0 0;
    .port_info 0 /INPUT 1 "A";
    .port_info 1 /INPUT 1 "B";
    .port_info 2 /INPUT 1 "C";
    .port_info 3 /OUTPUT 1 "OUT";
L_00000000010e8e10 .functor NOT 1, v00000000010e28b0_0, C4<0>, C4<0>, C4<0>;
L_00000000010e8e80 .functor OR 1, L_00000000010e8e10, v00000000010e1870_0, C4<0>, C4<0>;
L_00000000010e8b00 .functor NOT 1, v00000000010e1410_0, C4<0>, C4<0>, C4<0>;
L_00000000010e8b70 .functor OR 1, L_00000000010e8b00, v00000000010e1870_0, C4<0>, C4<0>;
L_00000000010e8be0 .functor AND 1, L_00000000010e8e80, L_00000000010e8b70, C4<1>, C4<1>;
v00000000010e0a30_0 .net "A", 0 0, v00000000010e28b0_0;  1 drivers
v00000000010e05d0_0 .net "B", 0 0, v00000000010e1870_0;  alias, 1 drivers
v00000000010df130_0 .net "C", 0 0, v00000000010e1410_0;  alias, 1 drivers
v00000000010e0ad0_0 .net "OUT", 0 0, L_00000000010e8be0;  alias, 1 drivers
v00000000010df310_0 .net *"_s0", 0 0, L_00000000010e8e10;  1 drivers
v00000000010decd0_0 .net *"_s2", 0 0, L_00000000010e8e80;  1 drivers
v00000000010df1d0_0 .net *"_s4", 0 0, L_00000000010e8b00;  1 drivers
v00000000010e26d0_0 .net *"_s6", 0 0, L_00000000010e8b70;  1 drivers
S_00000000010e2d90 .scope module, "E9" "ejercicio5_POS" 2 15, 3 74 0, S_000000000108aaa0;
 .timescale 0 0;
    .port_info 0 /INPUT 1 "A";
    .port_info 1 /INPUT 1 "B";
    .port_info 2 /INPUT 1 "C";
    .port_info 3 /OUTPUT 1 "OUT";
L_00000000010e8c50 .functor OR 1, v00000000010e1690_0, v00000000010e17d0_0, C4<0>, C4<0>;
L_00000000010e8cc0 .functor OR 1, L_00000000010e8c50, v00000000010e1eb0_0, C4<0>, C4<0>;
L_00000000010e8da0 .functor OR 1, v00000000010e1690_0, v00000000010e17d0_0, C4<0>, C4<0>;
L_00000000010e8080 .functor NOT 1, v00000000010e1eb0_0, C4<0>, C4<0>, C4<0>;
L_00000000010e80f0 .functor OR 1, L_00000000010e8da0, L_00000000010e8080, C4<0>, C4<0>;
L_00000000010e8160 .functor AND 1, L_00000000010e8cc0, L_00000000010e80f0, C4<1>, C4<1>;
L_00000000010ebc00 .functor NOT 1, v00000000010e17d0_0, C4<0>, C4<0>, C4<0>;
L_00000000010ebb20 .functor OR 1, v00000000010e1690_0, L_00000000010ebc00, C4<0>, C4<0>;
L_00000000010eb9d0 .functor OR 1, L_00000000010ebb20, v00000000010e1eb0_0, C4<0>, C4<0>;
L_00000000010eb3b0 .functor AND 1, L_00000000010e8160, L_00000000010eb9d0, C4<1>, C4<1>;
L_00000000010eb730 .functor NOT 1, v00000000010e17d0_0, C4<0>, C4<0>, C4<0>;
L_00000000010eba40 .functor OR 1, v00000000010e1690_0, L_00000000010eb730, C4<0>, C4<0>;
L_00000000010eb570 .functor NOT 1, v00000000010e1eb0_0, C4<0>, C4<0>, C4<0>;
L_00000000010eb8f0 .functor OR 1, L_00000000010eba40, L_00000000010eb570, C4<0>, C4<0>;
L_00000000010eb7a0 .functor AND 1, L_00000000010eb3b0, L_00000000010eb8f0, C4<1>, C4<1>;
L_00000000010eb810 .functor NOT 1, v00000000010e1690_0, C4<0>, C4<0>, C4<0>;
L_00000000010eb260 .functor NOT 1, v00000000010e17d0_0, C4<0>, C4<0>, C4<0>;
L_00000000010eb880 .functor OR 1, L_00000000010eb810, L_00000000010eb260, C4<0>, C4<0>;
L_00000000010ebea0 .functor OR 1, L_00000000010eb880, v00000000010e1eb0_0, C4<0>, C4<0>;
L_00000000010eb490 .functor AND 1, L_00000000010eb7a0, L_00000000010ebea0, C4<1>, C4<1>;
v00000000010e0f10_0 .net "A", 0 0, v00000000010e1690_0;  alias, 1 drivers
v00000000010e23b0_0 .net "B", 0 0, v00000000010e17d0_0;  alias, 1 drivers
v00000000010e0fb0_0 .net "C", 0 0, v00000000010e1eb0_0;  alias, 1 drivers
v00000000010e1a50_0 .net "OUT", 0 0, L_00000000010eb490;  alias, 1 drivers
v00000000010e29f0_0 .net *"_s0", 0 0, L_00000000010e8c50;  1 drivers
v00000000010e2bd0_0 .net *"_s10", 0 0, L_00000000010e8160;  1 drivers
v00000000010e12d0_0 .net *"_s12", 0 0, L_00000000010ebc00;  1 drivers
v00000000010e1f50_0 .net *"_s14", 0 0, L_00000000010ebb20;  1 drivers
v00000000010e1910_0 .net *"_s16", 0 0, L_00000000010eb9d0;  1 drivers
v00000000010e1ff0_0 .net *"_s18", 0 0, L_00000000010eb3b0;  1 drivers
v00000000010e2090_0 .net *"_s2", 0 0, L_00000000010e8cc0;  1 drivers
v00000000010e1050_0 .net *"_s20", 0 0, L_00000000010eb730;  1 drivers
v00000000010e2310_0 .net *"_s22", 0 0, L_00000000010eba40;  1 drivers
v00000000010e10f0_0 .net *"_s24", 0 0, L_00000000010eb570;  1 drivers
v00000000010e1550_0 .net *"_s26", 0 0, L_00000000010eb8f0;  1 drivers
v00000000010e1190_0 .net *"_s28", 0 0, L_00000000010eb7a0;  1 drivers
v00000000010e2a90_0 .net *"_s30", 0 0, L_00000000010eb810;  1 drivers
v00000000010e0dd0_0 .net *"_s32", 0 0, L_00000000010eb260;  1 drivers
v00000000010e0e70_0 .net *"_s34", 0 0, L_00000000010eb880;  1 drivers
v00000000010e2c70_0 .net *"_s36", 0 0, L_00000000010ebea0;  1 drivers
v00000000010e19b0_0 .net *"_s4", 0 0, L_00000000010e8da0;  1 drivers
v00000000010e1c30_0 .net *"_s6", 0 0, L_00000000010e8080;  1 drivers
v00000000010e1af0_0 .net *"_s8", 0 0, L_00000000010e80f0;  1 drivers
    .scope S_000000000108aaa0;
T_0 ;
    %delay 1, 0;
    %vpi_call 2 21 "$display", "Tabla 1.1-1.2" {0 0 0};
    %vpi_call 2 22 "$display", "A B C | Y1 Y2" {0 0 0};
    %vpi_call 2 23 "$display", "------|------" {0 0 0};
    %vpi_call 2 24 "$monitor", "%b %b %b | %b  %b", v00000000010e2810_0, v00000000010e21d0_0, v00000000010e2450_0, v00000000010e1230_0, v00000000010e2770_0 {0 0 0};
    %pushi/vec4 0, 0, 1;
    %store/vec4 v00000000010e2810_0, 0, 1;
    %pushi/vec4 0, 0, 1;
    %store/vec4 v00000000010e21d0_0, 0, 1;
    %pushi/vec4 0, 0, 1;
    %store/vec4 v00000000010e2450_0, 0, 1;
    %delay 1, 0;
    %pushi/vec4 1, 0, 1;
    %store/vec4 v00000000010e2450_0, 0, 1;
    %delay 1, 0;
    %pushi/vec4 1, 0, 1;
    %store/vec4 v00000000010e21d0_0, 0, 1;
    %pushi/vec4 0, 0, 1;
    %store/vec4 v00000000010e2450_0, 0, 1;
    %delay 1, 0;
    %pushi/vec4 1, 0, 1;
    %store/vec4 v00000000010e2450_0, 0, 1;
    %delay 1, 0;
    %pushi/vec4 1, 0, 1;
    %store/vec4 v00000000010e2810_0, 0, 1;
    %pushi/vec4 0, 0, 1;
    %store/vec4 v00000000010e21d0_0, 0, 1;
    %pushi/vec4 0, 0, 1;
    %store/vec4 v00000000010e2450_0, 0, 1;
    %delay 1, 0;
    %pushi/vec4 1, 0, 1;
    %store/vec4 v00000000010e2450_0, 0, 1;
    %delay 1, 0;
    %pushi/vec4 1, 0, 1;
    %store/vec4 v00000000010e21d0_0, 0, 1;
    %pushi/vec4 0, 0, 1;
    %store/vec4 v00000000010e2450_0, 0, 1;
    %delay 1, 0;
    %pushi/vec4 1, 0, 1;
    %store/vec4 v00000000010e2450_0, 0, 1;
    %end;
    .thread T_0;
    .scope S_000000000108aaa0;
T_1 ;
    %delay 10, 0;
    %vpi_call 2 38 "$display", "\012" {0 0 0};
    %vpi_call 2 39 "$display", " Tabla 1.3-1.4 " {0 0 0};
    %vpi_call 2 40 "$display", "A B C D | Y1 Y2" {0 0 0};
    %vpi_call 2 41 "$display", "--------|------" {0 0 0};
    %vpi_call 2 42 "$monitor", "%b %b %b %b | %b  %b", v00000000010e24f0_0, v00000000010e2590_0, v00000000010e2950_0, v00000000010e2b30_0, v00000000010e2630_0, v00000000010e1b90_0 {0 0 0};
    %pushi/vec4 0, 0, 1;
    %store/vec4 v00000000010e24f0_0, 0, 1;
    %pushi/vec4 0, 0, 1;
    %store/vec4 v00000000010e2590_0, 0, 1;
    %pushi/vec4 0, 0, 1;
    %store/vec4 v00000000010e2950_0, 0, 1;
    %pushi/vec4 0, 0, 1;
    %store/vec4 v00000000010e2b30_0, 0, 1;
    %delay 1, 0;
    %pushi/vec4 1, 0, 1;
    %store/vec4 v00000000010e2b30_0, 0, 1;
    %delay 1, 0;
    %pushi/vec4 1, 0, 1;
    %store/vec4 v00000000010e2950_0, 0, 1;
    %pushi/vec4 0, 0, 1;
    %store/vec4 v00000000010e2b30_0, 0, 1;
    %delay 1, 0;
    %pushi/vec4 1, 0, 1;
    %store/vec4 v00000000010e2b30_0, 0, 1;
    %delay 1, 0;
    %pushi/vec4 1, 0, 1;
    %store/vec4 v00000000010e2590_0, 0, 1;
    %pushi/vec4 0, 0, 1;
    %store/vec4 v00000000010e2950_0, 0, 1;
    %pushi/vec4 0, 0, 1;
    %store/vec4 v00000000010e2b30_0, 0, 1;
    %delay 1, 0;
    %pushi/vec4 1, 0, 1;
    %store/vec4 v00000000010e2b30_0, 0, 1;
    %delay 1, 0;
    %pushi/vec4 1, 0, 1;
    %store/vec4 v00000000010e2950_0, 0, 1;
    %pushi/vec4 0, 0, 1;
    %store/vec4 v00000000010e2b30_0, 0, 1;
    %delay 1, 0;
    %pushi/vec4 1, 0, 1;
    %store/vec4 v00000000010e2b30_0, 0, 1;
    %delay 1, 0;
    %pushi/vec4 1, 0, 1;
    %store/vec4 v00000000010e24f0_0, 0, 1;
    %pushi/vec4 0, 0, 1;
    %store/vec4 v00000000010e2590_0, 0, 1;
    %pushi/vec4 0, 0, 1;
    %store/vec4 v00000000010e2950_0, 0, 1;
    %pushi/vec4 0, 0, 1;
    %store/vec4 v00000000010e2b30_0, 0, 1;
    %delay 1, 0;
    %pushi/vec4 1, 0, 1;
    %store/vec4 v00000000010e2b30_0, 0, 1;
    %delay 1, 0;
    %pushi/vec4 1, 0, 1;
    %store/vec4 v00000000010e2950_0, 0, 1;
    %pushi/vec4 0, 0, 1;
    %store/vec4 v00000000010e2b30_0, 0, 1;
    %delay 1, 0;
    %pushi/vec4 1, 0, 1;
    %store/vec4 v00000000010e2b30_0, 0, 1;
    %delay 1, 0;
    %pushi/vec4 1, 0, 1;
    %store/vec4 v00000000010e2590_0, 0, 1;
    %pushi/vec4 0, 0, 1;
    %store/vec4 v00000000010e2950_0, 0, 1;
    %pushi/vec4 0, 0, 1;
    %store/vec4 v00000000010e2b30_0, 0, 1;
    %delay 1, 0;
    %pushi/vec4 1, 0, 1;
    %store/vec4 v00000000010e2b30_0, 0, 1;
    %delay 1, 0;
    %pushi/vec4 1, 0, 1;
    %store/vec4 v00000000010e2950_0, 0, 1;
    %pushi/vec4 0, 0, 1;
    %store/vec4 v00000000010e2b30_0, 0, 1;
    %delay 1, 0;
    %pushi/vec4 1, 0, 1;
    %store/vec4 v00000000010e2b30_0, 0, 1;
    %end;
    .thread T_1;
    .scope S_000000000108aaa0;
T_2 ;
    %delay 26, 0;
    %vpi_call 2 64 "$display", "\012" {0 0 0};
    %vpi_call 2 65 "$display", " Tabla 2.1-2.3" {0 0 0};
    %vpi_call 2 66 "$display", "A B C D | Y1 Y2" {0 0 0};
    %vpi_call 2 67 "$display", "--------|------" {0 0 0};
    %vpi_call 2 68 "$monitor", "%b %b %b %b | %b  %b", v00000000010e67b0_0, v00000000010e76b0_0, v00000000010e1cd0_0, v00000000010e2270_0, v00000000010e1370_0, v00000000010e15f0_0 {0 0 0};
    %pushi/vec4 0, 0, 1;
    %store/vec4 v00000000010e67b0_0, 0, 1;
    %pushi/vec4 0, 0, 1;
    %store/vec4 v00000000010e76b0_0, 0, 1;
    %pushi/vec4 0, 0, 1;
    %store/vec4 v00000000010e1cd0_0, 0, 1;
    %pushi/vec4 0, 0, 1;
    %store/vec4 v00000000010e2270_0, 0, 1;
    %delay 1, 0;
    %pushi/vec4 1, 0, 1;
    %store/vec4 v00000000010e2270_0, 0, 1;
    %delay 1, 0;
    %pushi/vec4 1, 0, 1;
    %store/vec4 v00000000010e1cd0_0, 0, 1;
    %pushi/vec4 0, 0, 1;
    %store/vec4 v00000000010e2270_0, 0, 1;
    %delay 1, 0;
    %pushi/vec4 1, 0, 1;
    %store/vec4 v00000000010e2270_0, 0, 1;
    %delay 1, 0;
    %pushi/vec4 1, 0, 1;
    %store/vec4 v00000000010e76b0_0, 0, 1;
    %pushi/vec4 0, 0, 1;
    %store/vec4 v00000000010e1cd0_0, 0, 1;
    %pushi/vec4 0, 0, 1;
    %store/vec4 v00000000010e2270_0, 0, 1;
    %delay 1, 0;
    %pushi/vec4 1, 0, 1;
    %store/vec4 v00000000010e2270_0, 0, 1;
    %delay 1, 0;
    %pushi/vec4 1, 0, 1;
    %store/vec4 v00000000010e1cd0_0, 0, 1;
    %pushi/vec4 0, 0, 1;
    %store/vec4 v00000000010e2270_0, 0, 1;
    %delay 1, 0;
    %pushi/vec4 1, 0, 1;
    %store/vec4 v00000000010e2270_0, 0, 1;
    %delay 1, 0;
    %pushi/vec4 1, 0, 1;
    %store/vec4 v00000000010e67b0_0, 0, 1;
    %pushi/vec4 0, 0, 1;
    %store/vec4 v00000000010e76b0_0, 0, 1;
    %pushi/vec4 0, 0, 1;
    %store/vec4 v00000000010e1cd0_0, 0, 1;
    %pushi/vec4 0, 0, 1;
    %store/vec4 v00000000010e2270_0, 0, 1;
    %delay 1, 0;
    %pushi/vec4 1, 0, 1;
    %store/vec4 v00000000010e2270_0, 0, 1;
    %delay 1, 0;
    %pushi/vec4 1, 0, 1;
    %store/vec4 v00000000010e1cd0_0, 0, 1;
    %pushi/vec4 0, 0, 1;
    %store/vec4 v00000000010e2270_0, 0, 1;
    %delay 1, 0;
    %pushi/vec4 1, 0, 1;
    %store/vec4 v00000000010e2270_0, 0, 1;
    %delay 1, 0;
    %pushi/vec4 1, 0, 1;
    %store/vec4 v00000000010e76b0_0, 0, 1;
    %pushi/vec4 0, 0, 1;
    %store/vec4 v00000000010e1cd0_0, 0, 1;
    %pushi/vec4 0, 0, 1;
    %store/vec4 v00000000010e2270_0, 0, 1;
    %delay 1, 0;
    %pushi/vec4 1, 0, 1;
    %store/vec4 v00000000010e2270_0, 0, 1;
    %delay 1, 0;
    %pushi/vec4 1, 0, 1;
    %store/vec4 v00000000010e1cd0_0, 0, 1;
    %pushi/vec4 0, 0, 1;
    %store/vec4 v00000000010e2270_0, 0, 1;
    %delay 1, 0;
    %pushi/vec4 1, 0, 1;
    %store/vec4 v00000000010e2270_0, 0, 1;
    %end;
    .thread T_2;
    .scope S_000000000108aaa0;
T_3 ;
    %delay 42, 0;
    %vpi_call 2 91 "$display", "\012" {0 0 0};
    %vpi_call 2 92 "$display", "Tabla 2.2-2.4" {0 0 0};
    %vpi_call 2 93 "$display", "A B C | Y1 Y2" {0 0 0};
    %vpi_call 2 94 "$display", "------|------" {0 0 0};
    %vpi_call 2 95 "$monitor", "%b %b %b | %b  %b", v00000000010e28b0_0, v00000000010e1870_0, v00000000010e1410_0, v00000000010e2130_0, v00000000010e1730_0 {0 0 0};
    %pushi/vec4 0, 0, 1;
    %store/vec4 v00000000010e28b0_0, 0, 1;
    %pushi/vec4 0, 0, 1;
    %store/vec4 v00000000010e1870_0, 0, 1;
    %pushi/vec4 0, 0, 1;
    %store/vec4 v00000000010e1410_0, 0, 1;
    %delay 1, 0;
    %pushi/vec4 1, 0, 1;
    %store/vec4 v00000000010e1410_0, 0, 1;
    %delay 1, 0;
    %pushi/vec4 1, 0, 1;
    %store/vec4 v00000000010e1870_0, 0, 1;
    %pushi/vec4 0, 0, 1;
    %store/vec4 v00000000010e1410_0, 0, 1;
    %delay 1, 0;
    %pushi/vec4 1, 0, 1;
    %store/vec4 v00000000010e1410_0, 0, 1;
    %delay 1, 0;
    %pushi/vec4 1, 0, 1;
    %store/vec4 v00000000010e28b0_0, 0, 1;
    %pushi/vec4 0, 0, 1;
    %store/vec4 v00000000010e1870_0, 0, 1;
    %pushi/vec4 0, 0, 1;
    %store/vec4 v00000000010e1410_0, 0, 1;
    %delay 1, 0;
    %pushi/vec4 1, 0, 1;
    %store/vec4 v00000000010e1410_0, 0, 1;
    %delay 1, 0;
    %pushi/vec4 1, 0, 1;
    %store/vec4 v00000000010e1870_0, 0, 1;
    %pushi/vec4 0, 0, 1;
    %store/vec4 v00000000010e1410_0, 0, 1;
    %delay 1, 0;
    %pushi/vec4 1, 0, 1;
    %store/vec4 v00000000010e1410_0, 0, 1;
    %end;
    .thread T_3;
    .scope S_000000000108aaa0;
T_4 ;
    %delay 50, 0;
    %vpi_call 2 108 "$display", "\012" {0 0 0};
    %vpi_call 2 109 "$display", "Tabla 5.P-5.S-5.K" {0 0 0};
    %vpi_call 2 110 "$display", "A B C | Y1 Y2 Y3 " {0 0 0};
    %vpi_call 2 111 "$display", "------|----------" {0 0 0};
    %vpi_call 2 112 "$monitor", "%b %b %b | %b  %b  %b", v00000000010e1690_0, v00000000010e17d0_0, v00000000010e1eb0_0, v00000000010e1e10_0, v00000000010e1d70_0, v00000000010e14b0_0 {0 0 0};
    %pushi/vec4 0, 0, 1;
    %store/vec4 v00000000010e1690_0, 0, 1;
    %pushi/vec4 0, 0, 1;
    %store/vec4 v00000000010e17d0_0, 0, 1;
    %pushi/vec4 0, 0, 1;
    %store/vec4 v00000000010e1eb0_0, 0, 1;
    %delay 1, 0;
    %pushi/vec4 1, 0, 1;
    %store/vec4 v00000000010e1eb0_0, 0, 1;
    %delay 1, 0;
    %pushi/vec4 1, 0, 1;
    %store/vec4 v00000000010e17d0_0, 0, 1;
    %pushi/vec4 0, 0, 1;
    %store/vec4 v00000000010e1eb0_0, 0, 1;
    %delay 1, 0;
    %pushi/vec4 1, 0, 1;
    %store/vec4 v00000000010e1eb0_0, 0, 1;
    %delay 1, 0;
    %pushi/vec4 1, 0, 1;
    %store/vec4 v00000000010e1690_0, 0, 1;
    %pushi/vec4 0, 0, 1;
    %store/vec4 v00000000010e17d0_0, 0, 1;
    %pushi/vec4 0, 0, 1;
    %store/vec4 v00000000010e1eb0_0, 0, 1;
    %delay 1, 0;
    %pushi/vec4 1, 0, 1;
    %store/vec4 v00000000010e1eb0_0, 0, 1;
    %delay 1, 0;
    %pushi/vec4 1, 0, 1;
    %store/vec4 v00000000010e17d0_0, 0, 1;
    %pushi/vec4 0, 0, 1;
    %store/vec4 v00000000010e1eb0_0, 0, 1;
    %delay 1, 0;
    %pushi/vec4 1, 0, 1;
    %store/vec4 v00000000010e1eb0_0, 0, 1;
    %end;
    .thread T_4;
    .scope S_000000000108aaa0;
T_5 ;
    %delay 58, 0;
    %vpi_call 2 123 "$finish" {0 0 0};
    %end;
    .thread T_5;
    .scope S_000000000108aaa0;
T_6 ;
    %vpi_call 2 126 "$dumpfile", "ejercicio4_tb.vcd" {0 0 0};
    %vpi_call 2 127 "$dumpvars", 32'sb00000000000000000000000000000000, S_000000000108aaa0 {0 0 0};
    %end;
    .thread T_6;
# The file index is used to find the file name in the following table.
:file_names 4;
    "N/A";
    "<interactive>";
    "ejercicio4_tb.v";
    "./ejercicio4.v";
