#! /usr/local/iverilog/bin/vvp
:ivl_version "11.0 (devel)" "(s20150603-642-g3bdb50da)";
:ivl_delay_selection "TYPICAL";
:vpi_time_precision + 0;
:vpi_module "system";
:vpi_module "vhdl_sys";
:vpi_module "vhdl_textio";
:vpi_module "v2005_math";
:vpi_module "va_math";
S_0000000000fda8c0 .scope module, "testbench" "testbench" 2 2;
 .timescale 0 0;
v0000000001049380_0 .var "clock", 0 0;
v000000000104bc90_0 .var "enF", 0 0;
v000000000104aa70_0 .var "enP", 0 0;
v000000000104b6f0_0 .net "instr", 3 0, v0000000001049560_0;  1 drivers
v000000000104a7f0_0 .var "load", 0 0;
v000000000104b3d0_0 .var "load_1", 11 0;
v000000000104b0b0_0 .net "operand", 3 0, v0000000001049600_0;  1 drivers
v000000000104bd30_0 .net "progbyte", 7 0, L_0000000000fe7940;  1 drivers
v000000000104b970_0 .var "reset", 0 0;
S_0000000000f98210 .scope module, "MF" "ejercicio1" 2 7, 3 35 0, S_0000000000fda8c0;
 .timescale 0 0;
    .port_info 0 /INPUT 1 "clock";
    .port_info 1 /INPUT 1 "reset";
    .port_info 2 /INPUT 1 "enF";
    .port_info 3 /INPUT 1 "enP";
    .port_info 4 /INPUT 1 "load";
    .port_info 5 /INPUT 12 "load_1";
    .port_info 6 /OUTPUT 8 "progbyte";
    .port_info 7 /OUTPUT 4 "instr";
    .port_info 8 /OUTPUT 4 "operand";
v0000000001049ba0_0 .net "clock", 0 0, v0000000001049380_0;  1 drivers
v0000000001049a60_0 .net "counter", 11 0, v0000000000fec950_0;  1 drivers
v00000000010499c0_0 .net "enF", 0 0, v000000000104bc90_0;  1 drivers
v00000000010497e0_0 .net "enP", 0 0, v000000000104aa70_0;  1 drivers
v0000000001049880_0 .net "instr", 3 0, v0000000001049560_0;  alias, 1 drivers
v0000000001049d80_0 .net "load", 0 0, v000000000104a7f0_0;  1 drivers
v00000000010494c0_0 .net "load_1", 11 0, v000000000104b3d0_0;  1 drivers
v0000000001049e20_0 .net "operand", 3 0, v0000000001049600_0;  alias, 1 drivers
v0000000001049f60_0 .net "progbyte", 7 0, L_0000000000fe7940;  alias, 1 drivers
v00000000010492e0_0 .net "reset", 0 0, v000000000104b970_0;  1 drivers
S_0000000000fec720 .scope module, "COUNT" "contador" 3 38, 3 13 0, S_0000000000f98210;
 .timescale 0 0;
    .port_info 0 /INPUT 1 "clock";
    .port_info 1 /INPUT 1 "reset";
    .port_info 2 /INPUT 1 "load";
    .port_info 3 /INPUT 1 "en";
    .port_info 4 /INPUT 12 "load_1";
    .port_info 5 /OUTPUT 12 "count";
v0000000000fec8b0_0 .net "clock", 0 0, v0000000001049380_0;  alias, 1 drivers
v0000000000fec950_0 .var "count", 11 0;
v0000000000fec9f0_0 .net "en", 0 0, v000000000104aa70_0;  alias, 1 drivers
v0000000000feca90_0 .net "load", 0 0, v000000000104a7f0_0;  alias, 1 drivers
v00000000010491a0_0 .net "load_1", 11 0, v000000000104b3d0_0;  alias, 1 drivers
v0000000001049420_0 .net "reset", 0 0, v000000000104b970_0;  alias, 1 drivers
E_0000000000fdde50/0 .event edge, v00000000010491a0_0, v0000000000feca90_0;
E_0000000000fdde50/1 .event posedge, v0000000001049420_0, v0000000000fec8b0_0;
E_0000000000fdde50 .event/or E_0000000000fdde50/0, E_0000000000fdde50/1;
S_0000000000fe7620 .scope module, "FTCH" "FFD8" 3 37, 3 2 0, S_0000000000f98210;
 .timescale 0 0;
    .port_info 0 /INPUT 1 "clock";
    .port_info 1 /INPUT 1 "reset";
    .port_info 2 /INPUT 1 "en";
    .port_info 3 /INPUT 8 "D";
    .port_info 4 /OUTPUT 4 "instr";
    .port_info 5 /OUTPUT 4 "operand";
v0000000001049740_0 .net "D", 7 0, L_0000000000fe7940;  alias, 1 drivers
v0000000001049060_0 .net "clock", 0 0, v0000000001049380_0;  alias, 1 drivers
v0000000001049920_0 .net "en", 0 0, v000000000104bc90_0;  alias, 1 drivers
v0000000001049560_0 .var "instr", 3 0;
v0000000001049600_0 .var "operand", 3 0;
v0000000001049240_0 .net "reset", 0 0, v000000000104b970_0;  alias, 1 drivers
E_0000000000fdd190/0 .event edge, v0000000001049920_0;
E_0000000000fdd190/1 .event posedge, v0000000001049420_0, v0000000000fec8b0_0;
E_0000000000fdd190 .event/or E_0000000000fdd190/0, E_0000000000fdd190/1;
S_0000000000fe77b0 .scope module, "ROM" "ROM" 3 39, 3 27 0, S_0000000000f98210;
 .timescale 0 0;
    .port_info 0 /INPUT 12 "address";
    .port_info 1 /OUTPUT 8 "palabra";
L_0000000000fe7940 .functor BUFZ 8, L_000000000104b790, C4<00000000>, C4<00000000>, C4<00000000>;
v0000000001049b00_0 .net *"_s0", 7 0, L_000000000104b790;  1 drivers
v0000000001049ce0_0 .net *"_s2", 13 0, L_000000000104b150;  1 drivers
L_000000000104c038 .functor BUFT 1, C4<00>, C4<0>, C4<0>, C4<0>;
v0000000001049100_0 .net *"_s5", 1 0, L_000000000104c038;  1 drivers
v00000000010496a0_0 .net "address", 11 0, v0000000000fec950_0;  alias, 1 drivers
v0000000001049c40 .array "array", 4095 0, 7 0;
v0000000001049ec0_0 .net "palabra", 7 0, L_0000000000fe7940;  alias, 1 drivers
L_000000000104b790 .array/port v0000000001049c40, L_000000000104b150;
L_000000000104b150 .concat [ 12 2 0 0], v0000000000fec950_0, L_000000000104c038;
    .scope S_0000000000fe7620;
T_0 ;
    %wait E_0000000000fdd190;
    %load/vec4 v0000000001049240_0;
    %flag_set/vec4 8;
    %jmp/0xz  T_0.0, 8;
    %pushi/vec4 0, 0, 8;
    %split/vec4 4;
    %assign/vec4 v0000000001049600_0, 0;
    %assign/vec4 v0000000001049560_0, 0;
    %jmp T_0.1;
T_0.0 ;
    %load/vec4 v0000000001049920_0;
    %flag_set/vec4 8;
    %jmp/0xz  T_0.2, 8;
    %load/vec4 v0000000001049740_0;
    %split/vec4 4;
    %assign/vec4 v0000000001049600_0, 0;
    %assign/vec4 v0000000001049560_0, 0;
T_0.2 ;
T_0.1 ;
    %jmp T_0;
    .thread T_0;
    .scope S_0000000000fec720;
T_1 ;
    %wait E_0000000000fdde50;
    %load/vec4 v0000000001049420_0;
    %flag_set/vec4 8;
    %jmp/0xz  T_1.0, 8;
    %pushi/vec4 0, 0, 12;
    %assign/vec4 v0000000000fec950_0, 0;
    %jmp T_1.1;
T_1.0 ;
    %load/vec4 v0000000000feca90_0;
    %flag_set/vec4 8;
    %jmp/0xz  T_1.2, 8;
    %load/vec4 v00000000010491a0_0;
    %assign/vec4 v0000000000fec950_0, 0;
    %jmp T_1.3;
T_1.2 ;
    %load/vec4 v0000000000fec9f0_0;
    %flag_set/vec4 8;
    %jmp/0xz  T_1.4, 8;
    %load/vec4 v0000000000fec950_0;
    %addi 1, 0, 12;
    %assign/vec4 v0000000000fec950_0, 0;
T_1.4 ;
T_1.3 ;
T_1.1 ;
    %jmp T_1;
    .thread T_1;
    .scope S_0000000000fe77b0;
T_2 ;
    %vpi_call 3 30 "$readmemh", "ROM.list", v0000000001049c40 {0 0 0};
    %end;
    .thread T_2;
    .scope S_0000000000fda8c0;
T_3 ;
    %delay 5, 0;
    %load/vec4 v0000000001049380_0;
    %inv;
    %assign/vec4 v0000000001049380_0, 0;
    %jmp T_3;
    .thread T_3;
    .scope S_0000000000fda8c0;
T_4 ;
    %delay 1, 0;
    %vpi_call 2 13 "$display", " Ejercicio 1  " {0 0 0};
    %vpi_call 2 14 "$display", "clk enF enP load load_1 | progbyte instruction operand " {0 0 0};
    %vpi_call 2 15 "$display", "------------------------|-------------------------------" {0 0 0};
    %vpi_call 2 16 "$monitor", "%b  %b  %b %b  %b | %b %b %b ", v0000000001049380_0, v000000000104bc90_0, v000000000104aa70_0, v000000000104a7f0_0, v000000000104b3d0_0, v000000000104bd30_0, v000000000104b6f0_0, v000000000104b0b0_0 {0 0 0};
    %pushi/vec4 0, 0, 1;
    %store/vec4 v000000000104b970_0, 0, 1;
    %pushi/vec4 0, 0, 1;
    %store/vec4 v0000000001049380_0, 0, 1;
    %pushi/vec4 0, 0, 1;
    %store/vec4 v000000000104bc90_0, 0, 1;
    %pushi/vec4 0, 0, 1;
    %store/vec4 v000000000104aa70_0, 0, 1;
    %pushi/vec4 0, 0, 1;
    %store/vec4 v000000000104a7f0_0, 0, 1;
    %pushi/vec4 0, 0, 12;
    %store/vec4 v000000000104b3d0_0, 0, 12;
    %delay 1, 0;
    %pushi/vec4 1, 0, 1;
    %store/vec4 v000000000104b970_0, 0, 1;
    %delay 1, 0;
    %pushi/vec4 0, 0, 1;
    %store/vec4 v000000000104b970_0, 0, 1;
    %delay 6, 0;
    %pushi/vec4 0, 0, 1;
    %store/vec4 v000000000104bc90_0, 0, 1;
    %pushi/vec4 0, 0, 1;
    %store/vec4 v000000000104aa70_0, 0, 1;
    %pushi/vec4 0, 0, 1;
    %store/vec4 v000000000104a7f0_0, 0, 1;
    %pushi/vec4 0, 0, 12;
    %store/vec4 v000000000104b3d0_0, 0, 12;
    %delay 6, 0;
    %pushi/vec4 0, 0, 1;
    %store/vec4 v000000000104bc90_0, 0, 1;
    %pushi/vec4 0, 0, 1;
    %store/vec4 v000000000104aa70_0, 0, 1;
    %pushi/vec4 0, 0, 1;
    %store/vec4 v000000000104a7f0_0, 0, 1;
    %pushi/vec4 0, 0, 12;
    %store/vec4 v000000000104b3d0_0, 0, 12;
    %delay 6, 0;
    %pushi/vec4 1, 0, 1;
    %store/vec4 v000000000104bc90_0, 0, 1;
    %pushi/vec4 1, 0, 1;
    %store/vec4 v000000000104aa70_0, 0, 1;
    %pushi/vec4 1, 0, 1;
    %store/vec4 v000000000104a7f0_0, 0, 1;
    %pushi/vec4 85, 0, 12;
    %store/vec4 v000000000104b3d0_0, 0, 12;
    %delay 6, 0;
    %pushi/vec4 1, 0, 1;
    %store/vec4 v000000000104bc90_0, 0, 1;
    %pushi/vec4 1, 0, 1;
    %store/vec4 v000000000104aa70_0, 0, 1;
    %pushi/vec4 0, 0, 1;
    %store/vec4 v000000000104a7f0_0, 0, 1;
    %pushi/vec4 0, 0, 12;
    %store/vec4 v000000000104b3d0_0, 0, 12;
    %delay 6, 0;
    %pushi/vec4 1, 0, 1;
    %store/vec4 v000000000104bc90_0, 0, 1;
    %pushi/vec4 1, 0, 1;
    %store/vec4 v000000000104aa70_0, 0, 1;
    %pushi/vec4 0, 0, 1;
    %store/vec4 v000000000104a7f0_0, 0, 1;
    %pushi/vec4 0, 0, 12;
    %store/vec4 v000000000104b3d0_0, 0, 12;
    %delay 6, 0;
    %pushi/vec4 1, 0, 1;
    %store/vec4 v000000000104bc90_0, 0, 1;
    %pushi/vec4 1, 0, 1;
    %store/vec4 v000000000104aa70_0, 0, 1;
    %pushi/vec4 0, 0, 1;
    %store/vec4 v000000000104a7f0_0, 0, 1;
    %pushi/vec4 0, 0, 12;
    %store/vec4 v000000000104b3d0_0, 0, 12;
    %delay 6, 0;
    %pushi/vec4 1, 0, 1;
    %store/vec4 v000000000104bc90_0, 0, 1;
    %pushi/vec4 1, 0, 1;
    %store/vec4 v000000000104aa70_0, 0, 1;
    %pushi/vec4 0, 0, 1;
    %store/vec4 v000000000104a7f0_0, 0, 1;
    %pushi/vec4 0, 0, 12;
    %store/vec4 v000000000104b3d0_0, 0, 12;
    %end;
    .thread T_4;
    .scope S_0000000000fda8c0;
T_5 ;
    %delay 46, 0;
    %vpi_call 2 29 "$finish" {0 0 0};
    %end;
    .thread T_5;
    .scope S_0000000000fda8c0;
T_6 ;
    %vpi_call 2 31 "$dumpfile", "Ejercicio1_tb.vcd" {0 0 0};
    %vpi_call 2 32 "$dumpvars", 32'sb00000000000000000000000000000000, S_0000000000fda8c0 {0 0 0};
    %end;
    .thread T_6;
# The file index is used to find the file name in the following table.
:file_names 4;
    "N/A";
    "<interactive>";
    "Ejercicio1_tb.v";
    "./Ejercicio1.v";
